{"meta": {"format": 3, "version": "7.13.1", "timestamp": "2026-01-28T16:06:12.642050", "branch_coverage": true, "show_contexts": false}, "files": {"start_green_stay_green/__init__.py": {"executed_lines": [7], "summary": {"covered_lines": 1, "num_statements": 1, "percent_covered": 100.0, "percent_covered_display": "100.00", "missing_lines": 0, "excluded_lines": 0, "percent_statements_covered": 100.0, "percent_statements_covered_display": "100.00", "num_branches": 0, "num_partial_branches": 0, "covered_branches": 0, "missing_branches": 0, "percent_branches_covered": 100.0, "percent_branches_covered_display": "100.00"}, "missing_lines": [], "excluded_lines": [], "executed_branches": [], "missing_branches": [], "functions": {"": {"executed_lines": [7], "summary": {"covered_lines": 1, "num_statements": 1, "percent_covered": 100.0, "percent_covered_display": "100.00", "missing_lines": 0, "excluded_lines": 0, "percent_statements_covered": 100.0, "percent_statements_covered_display": "100.00", "num_branches": 0, "num_partial_branches": 0, "covered_branches": 0, "missing_branches": 0, "percent_branches_covered": 100.0, "percent_branches_covered_display": "100.00"}, "missing_lines": [], "excluded_lines": [], "start_line": 1, "executed_branches": [], "missing_branches": []}}, "classes": {"": {"executed_lines": [7], "summary": {"covered_lines": 1, "num_statements": 1, "percent_covered": 100.0, "percent_covered_display": "100.00", "missing_lines": 0, "excluded_lines": 0, "percent_statements_covered": 100.0, "percent_statements_covered_display": "100.00", "num_branches": 0, "num_partial_branches": 0, "covered_branches": 0, "missing_branches": 0, "percent_branches_covered": 100.0, "percent_branches_covered_display": "100.00"}, "missing_lines": [], "excluded_lines": [], "start_line": 1, "executed_branches": [], "missing_branches": []}}}, "start_green_stay_green/ai/__init__.py": {"executed_lines": [], "summary": {"covered_lines": 0, "num_statements": 0, "percent_covered": 100.0, "percent_covered_display": "100.00", "missing_lines": 0, "excluded_lines": 0, "percent_statements_covered": 100.0, "percent_statements_covered_display": "100.00", "num_branches": 0, "num_partial_branches": 0, "covered_branches": 0, "missing_branches": 0, "percent_branches_covered": 100.0, "percent_branches_covered_display": "100.00"}, "missing_lines": [], "excluded_lines": [], "executed_branches": [], "missing_branches": [], "functions": {"": {"executed_lines": [], "summary": {"covered_lines": 0, "num_statements": 0, "percent_covered": 100.0, "percent_covered_display": "100.00", "missing_lines": 0, "excluded_lines": 0, "percent_statements_covered": 100.0, "percent_statements_covered_display": "100.00", "num_branches": 0, "num_partial_branches": 0, "covered_branches": 0, "missing_branches": 0, "percent_branches_covered": 100.0, "percent_branches_covered_display": "100.00"}, "missing_lines": [], "excluded_lines": [], "start_line": 1, "executed_branches": [], "missing_branches": []}}, "classes": {"": {"executed_lines": [], "summary": {"covered_lines": 0, "num_statements": 0, "percent_covered": 100.0, "percent_covered_display": "100.00", "missing_lines": 0, "excluded_lines": 0, "percent_statements_covered": 100.0, "percent_statements_covered_display": "100.00", "num_branches": 0, "num_partial_branches": 0, "covered_branches": 0, "missing_branches": 0, "percent_branches_covered": 100.0, "percent_branches_covered_display": "100.00"}, "missing_lines": [], "excluded_lines": [], "start_line": 1, "executed_branches": [], "missing_branches": []}}}, "start_green_stay_green/ai/orchestrator.py": {"executed_lines": [6, 8, 9, 10, 11, 13, 14, 17, 24, 31, 32, 35, 39, 46, 47, 50, 51, 59, 60, 62, 63, 69, 72, 73, 84, 85, 86, 87, 88, 91, 104, 123, 124, 126, 127, 128, 129, 131, 132, 141, 142, 143, 145, 146, 156, 157, 158, 159, 160, 161, 163, 164, 173, 174, 175, 177, 178, 189, 190, 191, 192, 194, 213, 225, 226, 227, 228, 230, 241, 260, 262, 263, 264, 265, 266, 267, 268, 269, 270, 271, 272, 274, 275, 277, 295, 296, 299, 300], "summary": {"covered_lines": 88, "num_statements": 88, "percent_covered": 100.0, "percent_covered_display": "100.00", "missing_lines": 0, "excluded_lines": 0, "percent_statements_covered": 100.0, "percent_statements_covered_display": "100.00", "num_branches": 16, "num_partial_branches": 0, "covered_branches": 16, "missing_branches": 0, "percent_branches_covered": 100.0, "percent_branches_covered_display": "100.00"}, "missing_lines": [], "excluded_lines": [], "executed_branches": [[141, -131], [141, 142], [156, 157], [156, 159], [159, -145], [159, 160], [173, -163], [173, 174], [190, -177], [190, 191], [226, 227], [226, 230], [262, 263], [262, 274], [269, 262], [269, 270]], "missing_branches": [], "functions": {"GenerationError.__init__": {"executed_lines": [31, 32], "summary": {"covered_lines": 2, "num_statements": 2, "percent_covered": 100.0, "percent_covered_display": "100.00", "missing_lines": 0, "excluded_lines": 0, "percent_statements_covered": 100.0, "percent_statements_covered_display": "100.00", "num_branches": 0, "num_partial_branches": 0, "covered_branches": 0, "missing_branches": 0, "percent_branches_covered": 100.0, "percent_branches_covered_display": "100.00"}, "missing_lines": [], "excluded_lines": [], "start_line": 24, "executed_branches": [], "missing_branches": []}, "TokenUsage.total_tokens": {"executed_lines": [69], "summary": {"covered_lines": 1, "num_statements": 1, "percent_covered": 100.0, "percent_covered_display": "100.00", "missing_lines": 0, "excluded_lines": 0, "percent_statements_covered": 100.0, "percent_statements_covered_display": "100.00", "num_branches": 0, "num_partial_branches": 0, "covered_branches": 0, "missing_branches": 0, "percent_branches_covered": 100.0, "percent_branches_covered_display": "100.00"}, "missing_lines": [], "excluded_lines": [], "start_line": 63, "executed_branches": [], "missing_branches": []}, "AIOrchestrator.__init__": {"executed_lines": [123, 124, 126, 127, 128, 129], "summary": {"covered_lines": 6, "num_statements": 6, "percent_covered": 100.0, "percent_covered_display": "100.00", "missing_lines": 0, "excluded_lines": 0, "percent_statements_covered": 100.0, "percent_statements_covered_display": "100.00", "num_branches": 0, "num_partial_branches": 0, "covered_branches": 0, "missing_branches": 0, "percent_branches_covered": 100.0, "percent_branches_covered_display": "100.00"}, "missing_lines": [], "excluded_lines": [], "start_line": 104, "executed_branches": [], "missing_branches": []}, "AIOrchestrator._validate_api_key": {"executed_lines": [141, 142, 143], "summary": {"covered_lines": 3, "num_statements": 3, "percent_covered": 100.0, "percent_covered_display": "100.00", "missing_lines": 0, "excluded_lines": 0, "percent_statements_covered": 100.0, "percent_statements_covered_display": "100.00", "num_branches": 2, "num_partial_branches": 0, "covered_branches": 2, "missing_branches": 0, "percent_branches_covered": 100.0, "percent_branches_covered_display": "100.00"}, "missing_lines": [], "excluded_lines": [], "start_line": 132, "executed_branches": [[141, -131], [141, 142]], "missing_branches": []}, "AIOrchestrator._validate_retry_params": {"executed_lines": [156, 157, 158, 159, 160, 161], "summary": {"covered_lines": 6, "num_statements": 6, "percent_covered": 100.0, "percent_covered_display": "100.00", "missing_lines": 0, "excluded_lines": 0, "percent_statements_covered": 100.0, "percent_statements_covered_display": "100.00", "num_branches": 4, "num_partial_branches": 0, "covered_branches": 4, "missing_branches": 0, "percent_branches_covered": 100.0, "percent_branches_covered_display": "100.00"}, "missing_lines": [], "excluded_lines": [], "start_line": 146, "executed_branches": [[156, 157], [156, 159], [159, -145], [159, 160]], "missing_branches": []}, "AIOrchestrator._validate_prompt": {"executed_lines": [173, 174, 175], "summary": {"covered_lines": 3, "num_statements": 3, "percent_covered": 100.0, "percent_covered_display": "100.00", "missing_lines": 0, "excluded_lines": 0, "percent_statements_covered": 100.0, "percent_statements_covered_display": "100.00", "num_branches": 2, "num_partial_branches": 0, "covered_branches": 2, "missing_branches": 0, "percent_branches_covered": 100.0, "percent_branches_covered_display": "100.00"}, "missing_lines": [], "excluded_lines": [], "start_line": 164, "executed_branches": [[173, -163], [173, 174]], "missing_branches": []}, "AIOrchestrator._validate_output_format": {"executed_lines": [189, 190, 191, 192], "summary": {"covered_lines": 4, "num_statements": 4, "percent_covered": 100.0, "percent_covered_display": "100.00", "missing_lines": 0, "excluded_lines": 0, "percent_statements_covered": 100.0, "percent_statements_covered_display": "100.00", "num_branches": 2, "num_partial_branches": 0, "covered_branches": 2, "missing_branches": 0, "percent_branches_covered": 100.0, "percent_branches_covered_display": "100.00"}, "missing_lines": [], "excluded_lines": [], "start_line": 178, "executed_branches": [[190, -177], [190, 191]], "missing_branches": []}, "AIOrchestrator._call_api": {"executed_lines": [213, 225, 226, 227, 228, 230], "summary": {"covered_lines": 6, "num_statements": 6, "percent_covered": 100.0, "percent_covered_display": "100.00", "missing_lines": 0, "excluded_lines": 0, "percent_statements_covered": 100.0, "percent_statements_covered_display": "100.00", "num_branches": 2, "num_partial_branches": 0, "covered_branches": 2, "missing_branches": 0, "percent_branches_covered": 100.0, "percent_branches_covered_display": "100.00"}, "missing_lines": [], "excluded_lines": [], "start_line": 194, "executed_branches": [[226, 227], [226, 230]], "missing_branches": []}, "AIOrchestrator._retry_with_backoff": {"executed_lines": [260, 262, 263, 264, 265, 266, 267, 268, 269, 270, 271, 272, 274, 275], "summary": {"covered_lines": 14, "num_statements": 14, "percent_covered": 100.0, "percent_covered_display": "100.00", "missing_lines": 0, "excluded_lines": 0, "percent_statements_covered": 100.0, "percent_statements_covered_display": "100.00", "num_branches": 4, "num_partial_branches": 0, "covered_branches": 4, "missing_branches": 0, "percent_branches_covered": 100.0, "percent_branches_covered_display": "100.00"}, "missing_lines": [], "excluded_lines": [], "start_line": 241, "executed_branches": [[262, 263], [262, 274], [269, 262], [269, 270]], "missing_branches": []}, "AIOrchestrator.generate": {"executed_lines": [295, 296, 299, 300], "summary": {"covered_lines": 4, "num_statements": 4, "percent_covered": 100.0, "percent_covered_display": "100.00", "missing_lines": 0, "excluded_lines": 0, "percent_statements_covered": 100.0, "percent_statements_covered_display": "100.00", "num_branches": 0, "num_partial_branches": 0, "covered_branches": 0, "missing_branches": 0, "percent_branches_covered": 100.0, "percent_branches_covered_display": "100.00"}, "missing_lines": [], "excluded_lines": [], "start_line": 277, "executed_branches": [], "missing_branches": []}, "": {"executed_lines": [6, 8, 9, 10, 11, 13, 14, 17, 24, 35, 39, 46, 47, 50, 51, 59, 60, 62, 63, 72, 73, 84, 85, 86, 87, 88, 91, 104, 131, 132, 145, 146, 163, 164, 177, 178, 194, 241, 277], "summary": {"covered_lines": 39, "num_statements": 39, "percent_covered": 100.0, "percent_covered_display": "100.00", "missing_lines": 0, "excluded_lines": 0, "percent_statements_covered": 100.0, "percent_statements_covered_display": "100.00", "num_branches": 0, "num_partial_branches": 0, "covered_branches": 0, "missing_branches": 0, "percent_branches_covered": 100.0, "percent_branches_covered_display": "100.00"}, "missing_lines": [], "excluded_lines": [], "start_line": 1, "executed_branches": [], "missing_branches": []}}, "classes": {"GenerationError": {"executed_lines": [31, 32], "summary": {"covered_lines": 2, "num_statements": 2, "percent_covered": 100.0, "percent_covered_display": "100.00", "missing_lines": 0, "excluded_lines": 0, "percent_statements_covered": 100.0, "percent_statements_covered_display": "100.00", "num_branches": 0, "num_partial_branches": 0, "covered_branches": 0, "missing_branches": 0, "percent_branches_covered": 100.0, "percent_branches_covered_display": "100.00"}, "missing_lines": [], "excluded_lines": [], "start_line": 17, "executed_branches": [], "missing_branches": []}, "PromptTemplateError": {"executed_lines": [], "summary": {"covered_lines": 0, "num_statements": 0, "percent_covered": 100.0, "percent_covered_display": "100.00", "missing_lines": 0, "excluded_lines": 0, "percent_statements_covered": 100.0, "percent_statements_covered_display": "100.00", "num_branches": 0, "num_partial_branches": 0, "covered_branches": 0, "missing_branches": 0, "percent_branches_covered": 100.0, "percent_branches_covered_display": "100.00"}, "missing_lines": [], "excluded_lines": [], "start_line": 35, "executed_branches": [], "missing_branches": []}, "ModelConfig": {"executed_lines": [], "summary": {"covered_lines": 0, "num_statements": 0, "percent_covered": 100.0, "percent_covered_display": "100.00", "missing_lines": 0, "excluded_lines": 0, "percent_statements_covered": 100.0, "percent_statements_covered_display": "100.00", "num_branches": 0, "num_partial_branches": 0, "covered_branches": 0, "missing_branches": 0, "percent_branches_covered": 100.0, "percent_branches_covered_display": "100.00"}, "missing_lines": [], "excluded_lines": [], "start_line": 39, "executed_branches": [], "missing_branches": []}, "TokenUsage": {"executed_lines": [69], "summary": {"covered_lines": 1, "num_statements": 1, "percent_covered": 100.0, "percent_covered_display": "100.00", "missing_lines": 0, "excluded_lines": 0, "percent_statements_covered": 100.0, "percent_statements_covered_display": "100.00", "num_branches": 0, "num_partial_branches": 0, "covered_branches": 0, "missing_branches": 0, "percent_branches_covered": 100.0, "percent_branches_covered_display": "100.00"}, "missing_lines": [], "excluded_lines": [], "start_line": 51, "executed_branches": [], "missing_branches": []}, "GenerationResult": {"executed_lines": [], "summary": {"covered_lines": 0, "num_statements": 0, "percent_covered": 100.0, "percent_covered_display": "100.00", "missing_lines": 0, "excluded_lines": 0, "percent_statements_covered": 100.0, "percent_statements_covered_display": "100.00", "num_branches": 0, "num_partial_branches": 0, "covered_branches": 0, "missing_branches": 0, "percent_branches_covered": 100.0, "percent_branches_covered_display": "100.00"}, "missing_lines": [], "excluded_lines": [], "start_line": 73, "executed_branches": [], "missing_branches": []}, "AIOrchestrator": {"executed_lines": [123, 124, 126, 127, 128, 129, 141, 142, 143, 156, 157, 158, 159, 160, 161, 173, 174, 175, 189, 190, 191, 192, 213, 225, 226, 227, 228, 230, 260, 262, 263, 264, 265, 266, 267, 268, 269, 270, 271, 272, 274, 275, 295, 296, 299, 300], "summary": {"covered_lines": 46, "num_statements": 46, "percent_covered": 100.0, "percent_covered_display": "100.00", "missing_lines": 0, "excluded_lines": 0, "percent_statements_covered": 100.0, "percent_statements_covered_display": "100.00", "num_branches": 16, "num_partial_branches": 0, "covered_branches": 16, "missing_branches": 0, "percent_branches_covered": 100.0, "percent_branches_covered_display": "100.00"}, "missing_lines": [], "excluded_lines": [], "start_line": 91, "executed_branches": [[141, -131], [141, 142], [156, 157], [156, 159], [159, -145], [159, 160], [173, -163], [173, 174], [190, -177], [190, 191], [226, 227], [226, 230], [262, 263], [262, 274], [269, 262], [269, 270]], "missing_branches": []}, "": {"executed_lines": [6, 8, 9, 10, 11, 13, 14, 17, 24, 35, 39, 46, 47, 50, 51, 59, 60, 62, 63, 72, 73, 84, 85, 86, 87, 88, 91, 104, 131, 132, 145, 146, 163, 164, 177, 178, 194, 241, 277], "summary": {"covered_lines": 39, "num_statements": 39, "percent_covered": 100.0, "percent_covered_display": "100.00", "missing_lines": 0, "excluded_lines": 0, "percent_statements_covered": 100.0, "percent_statements_covered_display": "100.00", "num_branches": 0, "num_partial_branches": 0, "covered_branches": 0, "missing_branches": 0, "percent_branches_covered": 100.0, "percent_branches_covered_display": "100.00"}, "missing_lines": [], "excluded_lines": [], "start_line": 1, "executed_branches": [], "missing_branches": []}}}, "start_green_stay_green/ai/prompts/__init__.py": {"executed_lines": [], "summary": {"covered_lines": 0, "num_statements": 0, "percent_covered": 100.0, "percent_covered_display": "100.00", "missing_lines": 0, "excluded_lines": 0, "percent_statements_covered": 100.0, "percent_statements_covered_display": "100.00", "num_branches": 0, "num_partial_branches": 0, "covered_branches": 0, "missing_branches": 0, "percent_branches_covered": 100.0, "percent_branches_covered_display": "100.00"}, "missing_lines": [], "excluded_lines": [], "executed_branches": [], "missing_branches": [], "functions": {"": {"executed_lines": [], "summary": {"covered_lines": 0, "num_statements": 0, "percent_covered": 100.0, "percent_covered_display": "100.00", "missing_lines": 0, "excluded_lines": 0, "percent_statements_covered": 100.0, "percent_statements_covered_display": "100.00", "num_branches": 0, "num_partial_branches": 0, "covered_branches": 0, "missing_branches": 0, "percent_branches_covered": 100.0, "percent_branches_covered_display": "100.00"}, "missing_lines": [], "excluded_lines": [], "start_line": 1, "executed_branches": [], "missing_branches": []}}, "classes": {"": {"executed_lines": [], "summary": {"covered_lines": 0, "num_statements": 0, "percent_covered": 100.0, "percent_covered_display": "100.00", "missing_lines": 0, "excluded_lines": 0, "percent_statements_covered": 100.0, "percent_statements_covered_display": "100.00", "num_branches": 0, "num_partial_branches": 0, "covered_branches": 0, "missing_branches": 0, "percent_branches_covered": 100.0, "percent_branches_covered_display": "100.00"}, "missing_lines": [], "excluded_lines": [], "start_line": 1, "executed_branches": [], "missing_branches": []}}}, "start_green_stay_green/ai/prompts/manager.py": {"executed_lines": [7, 8, 9, 10, 12, 13, 14, 15, 16, 18, 21, 25, 33, 41, 49, 59, 60, 62, 63, 64, 66, 67, 73, 75, 77, 78, 82, 84, 86, 87, 88, 90, 92, 93, 94, 96, 98, 99, 100, 102, 123, 124, 126, 128, 129, 130, 131, 132, 133, 134, 135, 136, 137, 138, 140, 146, 147, 149, 150, 151, 152, 154, 163, 164, 165, 166, 167, 168, 170, 175], "summary": {"covered_lines": 70, "num_statements": 70, "percent_covered": 100.0, "percent_covered_display": "100.00", "missing_lines": 0, "excluded_lines": 0, "percent_statements_covered": 100.0, "percent_statements_covered_display": "100.00", "num_branches": 16, "num_partial_branches": 0, "covered_branches": 16, "missing_branches": 0, "percent_branches_covered": 100.0, "percent_branches_covered_display": "100.00"}, "missing_lines": [], "excluded_lines": [], "executed_branches": [[59, 60], [59, 62], [62, 63], [62, 66], [77, -75], [77, 78], [86, 87], [86, 88], [92, 93], [92, 94], [98, -96], [98, 99], [123, 124], [123, 126], [147, 149], [147, 152]], "missing_branches": [], "functions": {"PromptManager.__init__": {"executed_lines": [59, 60, 62, 63, 64, 66, 67, 73], "summary": {"covered_lines": 8, "num_statements": 8, "percent_covered": 100.0, "percent_covered_display": "100.00", "missing_lines": 0, "excluded_lines": 0, "percent_statements_covered": 100.0, "percent_statements_covered_display": "100.00", "num_branches": 4, "num_partial_branches": 0, "covered_branches": 4, "missing_branches": 0, "percent_branches_covered": 100.0, "percent_branches_covered_display": "100.00"}, "missing_lines": [], "excluded_lines": [], "start_line": 49, "executed_branches": [[59, 60], [59, 62], [62, 63], [62, 66]], "missing_branches": []}, "PromptManager._validate_language": {"executed_lines": [77, 78, 82], "summary": {"covered_lines": 3, "num_statements": 3, "percent_covered": 100.0, "percent_covered_display": "100.00", "missing_lines": 0, "excluded_lines": 0, "percent_statements_covered": 100.0, "percent_statements_covered_display": "100.00", "num_branches": 2, "num_partial_branches": 0, "covered_branches": 2, "missing_branches": 0, "percent_branches_covered": 100.0, "percent_branches_covered_display": "100.00"}, "missing_lines": [], "excluded_lines": [], "start_line": 75, "executed_branches": [[77, -75], [77, 78]], "missing_branches": []}, "PromptManager._build_filename": {"executed_lines": [86, 87, 88], "summary": {"covered_lines": 3, "num_statements": 3, "percent_covered": 100.0, "percent_covered_display": "100.00", "missing_lines": 0, "excluded_lines": 0, "percent_statements_covered": 100.0, "percent_statements_covered_display": "100.00", "num_branches": 2, "num_partial_branches": 0, "covered_branches": 2, "missing_branches": 0, "percent_branches_covered": 100.0, "percent_branches_covered_display": "100.00"}, "missing_lines": [], "excluded_lines": [], "start_line": 84, "executed_branches": [[86, 87], [86, 88]], "missing_branches": []}, "PromptManager._get_or_load_template": {"executed_lines": [92, 93, 94], "summary": {"covered_lines": 3, "num_statements": 3, "percent_covered": 100.0, "percent_covered_display": "100.00", "missing_lines": 0, "excluded_lines": 0, "percent_statements_covered": 100.0, "percent_statements_covered_display": "100.00", "num_branches": 2, "num_partial_branches": 0, "covered_branches": 2, "missing_branches": 0, "percent_branches_covered": 100.0, "percent_branches_covered_display": "100.00"}, "missing_lines": [], "excluded_lines": [], "start_line": 90, "executed_branches": [[92, 93], [92, 94]], "missing_branches": []}, "PromptManager._validate_rendered_content": {"executed_lines": [98, 99, 100], "summary": {"covered_lines": 3, "num_statements": 3, "percent_covered": 100.0, "percent_covered_display": "100.00", "missing_lines": 0, "excluded_lines": 0, "percent_statements_covered": 100.0, "percent_statements_covered_display": "100.00", "num_branches": 2, "num_partial_branches": 0, "covered_branches": 2, "missing_branches": 0, "percent_branches_covered": 100.0, "percent_branches_covered_display": "100.00"}, "missing_lines": [], "excluded_lines": [], "start_line": 96, "executed_branches": [[98, -96], [98, 99]], "missing_branches": []}, "PromptManager.render": {"executed_lines": [123, 124, 126, 128, 129, 130, 131, 132, 133, 134, 135, 136, 137, 138], "summary": {"covered_lines": 14, "num_statements": 14, "percent_covered": 100.0, "percent_covered_display": "100.00", "missing_lines": 0, "excluded_lines": 0, "percent_statements_covered": 100.0, "percent_statements_covered_display": "100.00", "num_branches": 2, "num_partial_branches": 0, "covered_branches": 2, "missing_branches": 0, "percent_branches_covered": 100.0, "percent_branches_covered_display": "100.00"}, "missing_lines": [], "excluded_lines": [], "start_line": 102, "executed_branches": [[123, 124], [123, 126]], "missing_branches": []}, "PromptManager.get_available_templates": {"executed_lines": [146, 147, 149, 150, 151, 152], "summary": {"covered_lines": 6, "num_statements": 6, "percent_covered": 100.0, "percent_covered_display": "100.00", "missing_lines": 0, "excluded_lines": 0, "percent_statements_covered": 100.0, "percent_statements_covered_display": "100.00", "num_branches": 2, "num_partial_branches": 0, "covered_branches": 2, "missing_branches": 0, "percent_branches_covered": 100.0, "percent_branches_covered_display": "100.00"}, "missing_lines": [], "excluded_lines": [], "start_line": 140, "executed_branches": [[147, 149], [147, 152]], "missing_branches": []}, "PromptManager.validate_template": {"executed_lines": [163, 164, 165, 166, 167, 168], "summary": {"covered_lines": 6, "num_statements": 6, "percent_covered": 100.0, "percent_covered_display": "100.00", "missing_lines": 0, "excluded_lines": 0, "percent_statements_covered": 100.0, "percent_statements_covered_display": "100.00", "num_branches": 0, "num_partial_branches": 0, "covered_branches": 0, "missing_branches": 0, "percent_branches_covered": 100.0, "percent_branches_covered_display": "100.00"}, "missing_lines": [], "excluded_lines": [], "start_line": 154, "executed_branches": [], "missing_branches": []}, "PromptManager.clear_cache": {"executed_lines": [175], "summary": {"covered_lines": 1, "num_statements": 1, "percent_covered": 100.0, "percent_covered_display": "100.00", "missing_lines": 0, "excluded_lines": 0, "percent_statements_covered": 100.0, "percent_statements_covered_display": "100.00", "num_branches": 0, "num_partial_branches": 0, "covered_branches": 0, "missing_branches": 0, "percent_branches_covered": 100.0, "percent_branches_covered_display": "100.00"}, "missing_lines": [], "excluded_lines": [], "start_line": 170, "executed_branches": [], "missing_branches": []}, "": {"executed_lines": [7, 8, 9, 10, 12, 13, 14, 15, 16, 18, 21, 25, 33, 41, 49, 75, 84, 90, 96, 102, 140, 154, 170], "summary": {"covered_lines": 23, "num_statements": 23, "percent_covered": 100.0, "percent_covered_display": "100.00", "missing_lines": 0, "excluded_lines": 0, "percent_statements_covered": 100.0, "percent_statements_covered_display": "100.00", "num_branches": 0, "num_partial_branches": 0, "covered_branches": 0, "missing_branches": 0, "percent_branches_covered": 100.0, "percent_branches_covered_display": "100.00"}, "missing_lines": [], "excluded_lines": [], "start_line": 1, "executed_branches": [], "missing_branches": []}}, "classes": {"PromptTemplateError": {"executed_lines": [], "summary": {"covered_lines": 0, "num_statements": 0, "percent_covered": 100.0, "percent_covered_display": "100.00", "missing_lines": 0, "excluded_lines": 0, "percent_statements_covered": 100.0, "percent_statements_covered_display": "100.00", "num_branches": 0, "num_partial_branches": 0, "covered_branches": 0, "missing_branches": 0, "percent_branches_covered": 100.0, "percent_branches_covered_display": "100.00"}, "missing_lines": [], "excluded_lines": [], "start_line": 21, "executed_branches": [], "missing_branches": []}, "PromptManager": {"executed_lines": [59, 60, 62, 63, 64, 66, 67, 73, 77, 78, 82, 86, 87, 88, 92, 93, 94, 98, 99, 100, 123, 124, 126, 128, 129, 130, 131, 132, 133, 134, 135, 136, 137, 138, 146, 147, 149, 150, 151, 152, 163, 164, 165, 166, 167, 168, 175], "summary": {"covered_lines": 47, "num_statements": 47, "percent_covered": 100.0, "percent_covered_display": "100.00", "missing_lines": 0, "excluded_lines": 0, "percent_statements_covered": 100.0, "percent_statements_covered_display": "100.00", "num_branches": 16, "num_partial_branches": 0, "covered_branches": 16, "missing_branches": 0, "percent_branches_covered": 100.0, "percent_branches_covered_display": "100.00"}, "missing_lines": [], "excluded_lines": [], "start_line": 25, "executed_branches": [[59, 60], [59, 62], [62, 63], [62, 66], [77, -75], [77, 78], [86, 87], [86, 88], [92, 93], [92, 94], [98, -96], [98, 99], [123, 124], [123, 126], [147, 149], [147, 152]], "missing_branches": []}, "": {"executed_lines": [7, 8, 9, 10, 12, 13, 14, 15, 16, 18, 21, 25, 33, 41, 49, 75, 84, 90, 96, 102, 140, 154, 170], "summary": {"covered_lines": 23, "num_statements": 23, "percent_covered": 100.0, "percent_covered_display": "100.00", "missing_lines": 0, "excluded_lines": 0, "percent_statements_covered": 100.0, "percent_statements_covered_display": "100.00", "num_branches": 0, "num_partial_branches": 0, "covered_branches": 0, "missing_branches": 0, "percent_branches_covered": 100.0, "percent_branches_covered_display": "100.00"}, "missing_lines": [], "excluded_lines": [], "start_line": 1, "executed_branches": [], "missing_branches": []}}}, "start_green_stay_green/ai/tuner.py": {"executed_lines": [6, 8, 9, 10, 12, 13, 19, 22, 25, 26, 37, 38, 39, 40, 41, 44, 55, 67, 68, 70, 71, 80, 81, 82, 84, 85, 95, 96, 97, 99, 117, 118, 119, 120, 122, 153, 163, 165, 166, 167, 170, 171, 172, 173, 174, 175, 178, 181, 183, 218, 219, 220, 223, 224, 225, 234, 241, 247, 248, 249, 250, 251, 254, 256, 257, 258, 260], "summary": {"covered_lines": 67, "num_statements": 68, "percent_covered": 97.67441860465117, "percent_covered_display": "97.67", "missing_lines": 1, "excluded_lines": 2, "percent_statements_covered": 98.52941176470588, "percent_statements_covered_display": "98.53", "num_branches": 18, "num_partial_branches": 1, "covered_branches": 17, "missing_branches": 1, "percent_branches_covered": 94.44444444444444, "percent_branches_covered_display": "94.44"}, "missing_lines": [176], "excluded_lines": [15, 16], "executed_branches": [[80, -70], [80, 81], [95, -84], [95, 96], [118, 119], [118, 122], [165, 166], [165, 181], [171, 172], [171, 178], [173, 174], [173, 175], [175, 171], [223, 224], [223, 234], [257, 258], [257, 260]], "missing_branches": [[175, 176]], "functions": {"ContentTuner.__init__": {"executed_lines": [67, 68], "summary": {"covered_lines": 2, "num_statements": 2, "percent_covered": 100.0, "percent_covered_display": "100.00", "missing_lines": 0, "excluded_lines": 0, "percent_statements_covered": 100.0, "percent_statements_covered_display": "100.00", "num_branches": 0, "num_partial_branches": 0, "covered_branches": 0, "missing_branches": 0, "percent_branches_covered": 100.0, "percent_branches_covered_display": "100.00"}, "missing_lines": [], "excluded_lines": [], "start_line": 55, "executed_branches": [], "missing_branches": []}, "ContentTuner._validate_content": {"executed_lines": [80, 81, 82], "summary": {"covered_lines": 3, "num_statements": 3, "percent_covered": 100.0, "percent_covered_display": "100.00", "missing_lines": 0, "excluded_lines": 0, "percent_statements_covered": 100.0, "percent_statements_covered_display": "100.00", "num_branches": 2, "num_partial_branches": 0, "covered_branches": 2, "missing_branches": 0, "percent_branches_covered": 100.0, "percent_branches_covered_display": "100.00"}, "missing_lines": [], "excluded_lines": [], "start_line": 71, "executed_branches": [[80, -70], [80, 81]], "missing_branches": []}, "ContentTuner._validate_context": {"executed_lines": [95, 96, 97], "summary": {"covered_lines": 3, "num_statements": 3, "percent_covered": 100.0, "percent_covered_display": "100.00", "missing_lines": 0, "excluded_lines": 0, "percent_statements_covered": 100.0, "percent_statements_covered_display": "100.00", "num_branches": 2, "num_partial_branches": 0, "covered_branches": 2, "missing_branches": 0, "percent_branches_covered": 100.0, "percent_branches_covered_display": "100.00"}, "missing_lines": [], "excluded_lines": [], "start_line": 85, "executed_branches": [[95, -84], [95, 96]], "missing_branches": []}, "ContentTuner._build_tuning_prompt": {"executed_lines": [117, 118, 119, 120, 122], "summary": {"covered_lines": 5, "num_statements": 5, "percent_covered": 100.0, "percent_covered_display": "100.00", "missing_lines": 0, "excluded_lines": 0, "percent_statements_covered": 100.0, "percent_statements_covered_display": "100.00", "num_branches": 2, "num_partial_branches": 0, "covered_branches": 2, "missing_branches": 0, "percent_branches_covered": 100.0, "percent_branches_covered_display": "100.00"}, "missing_lines": [], "excluded_lines": [], "start_line": 99, "executed_branches": [[118, 119], [118, 122]], "missing_branches": []}, "ContentTuner._parse_tuning_response": {"executed_lines": [163, 165, 166, 167, 170, 171, 172, 173, 174, 175, 178, 181], "summary": {"covered_lines": 12, "num_statements": 13, "percent_covered": 90.47619047619048, "percent_covered_display": "90.48", "missing_lines": 1, "excluded_lines": 0, "percent_statements_covered": 92.3076923076923, "percent_statements_covered_display": "92.31", "num_branches": 8, "num_partial_branches": 1, "covered_branches": 7, "missing_branches": 1, "percent_branches_covered": 87.5, "percent_branches_covered_display": "87.50"}, "missing_lines": [176], "excluded_lines": [], "start_line": 153, "executed_branches": [[165, 166], [165, 181], [171, 172], [171, 178], [173, 174], [173, 175], [175, 171]], "missing_branches": [[175, 176]]}, "ContentTuner.tune": {"executed_lines": [218, 219, 220, 223, 224, 225, 234, 241, 247, 248, 249, 250, 251, 254, 256, 257, 258, 260], "summary": {"covered_lines": 18, "num_statements": 18, "percent_covered": 100.0, "percent_covered_display": "100.00", "missing_lines": 0, "excluded_lines": 0, "percent_statements_covered": 100.0, "percent_statements_covered_display": "100.00", "num_branches": 4, "num_partial_branches": 0, "covered_branches": 4, "missing_branches": 0, "percent_branches_covered": 100.0, "percent_branches_covered_display": "100.00"}, "missing_lines": [], "excluded_lines": [], "start_line": 183, "executed_branches": [[223, 224], [223, 234], [257, 258], [257, 260]], "missing_branches": []}, "": {"executed_lines": [6, 8, 9, 10, 12, 13, 19, 22, 25, 26, 37, 38, 39, 40, 41, 44, 55, 70, 71, 84, 85, 99, 153, 183], "summary": {"covered_lines": 24, "num_statements": 24, "percent_covered": 100.0, "percent_covered_display": "100.00", "missing_lines": 0, "excluded_lines": 2, "percent_statements_covered": 100.0, "percent_statements_covered_display": "100.00", "num_branches": 0, "num_partial_branches": 0, "covered_branches": 0, "missing_branches": 0, "percent_branches_covered": 100.0, "percent_branches_covered_display": "100.00"}, "missing_lines": [], "excluded_lines": [15, 16], "start_line": 1, "executed_branches": [], "missing_branches": []}}, "classes": {"TuningResult": {"executed_lines": [], "summary": {"covered_lines": 0, "num_statements": 0, "percent_covered": 100.0, "percent_covered_display": "100.00", "missing_lines": 0, "excluded_lines": 0, "percent_statements_covered": 100.0, "percent_statements_covered_display": "100.00", "num_branches": 0, "num_partial_branches": 0, "covered_branches": 0, "missing_branches": 0, "percent_branches_covered": 100.0, "percent_branches_covered_display": "100.00"}, "missing_lines": [], "excluded_lines": [], "start_line": 26, "executed_branches": [], "missing_branches": []}, "ContentTuner": {"executed_lines": [67, 68, 80, 81, 82, 95, 96, 97, 117, 118, 119, 120, 122, 163, 165, 166, 167, 170, 171, 172, 173, 174, 175, 178, 181, 218, 219, 220, 223, 224, 225, 234, 241, 247, 248, 249, 250, 251, 254, 256, 257, 258, 260], "summary": {"covered_lines": 43, "num_statements": 44, "percent_covered": 96.7741935483871, "percent_covered_display": "96.77", "missing_lines": 1, "excluded_lines": 0, "percent_statements_covered": 97.72727272727273, "percent_statements_covered_display": "97.73", "num_branches": 18, "num_partial_branches": 1, "covered_branches": 17, "missing_branches": 1, "percent_branches_covered": 94.44444444444444, "percent_branches_covered_display": "94.44"}, "missing_lines": [176], "excluded_lines": [], "start_line": 44, "executed_branches": [[80, -70], [80, 81], [95, -84], [95, 96], [118, 119], [118, 122], [165, 166], [165, 181], [171, 172], [171, 178], [173, 174], [173, 175], [175, 171], [223, 224], [223, 234], [257, 258], [257, 260]], "missing_branches": [[175, 176]]}, "": {"executed_lines": [6, 8, 9, 10, 12, 13, 19, 22, 25, 26, 37, 38, 39, 40, 41, 44, 55, 70, 71, 84, 85, 99, 153, 183], "summary": {"covered_lines": 24, "num_statements": 24, "percent_covered": 100.0, "percent_covered_display": "100.00", "missing_lines": 0, "excluded_lines": 2, "percent_statements_covered": 100.0, "percent_statements_covered_display": "100.00", "num_branches": 0, "num_partial_branches": 0, "covered_branches": 0, "missing_branches": 0, "percent_branches_covered": 100.0, "percent_branches_covered_display": "100.00"}, "missing_lines": [], "excluded_lines": [15, 16], "start_line": 1, "executed_branches": [], "missing_branches": []}}}, "start_green_stay_green/cli.py": {"executed_lines": [6, 8, 9, 10, 11, 12, 14, 15, 16, 17, 18, 19, 21, 22, 25, 26, 27, 30, 31, 32, 33, 34, 35, 36, 37, 38, 39, 42, 45, 48, 59, 62, 71, 80, 91, 97, 100, 113, 114, 115, 118, 121, 131, 132, 136, 139, 152, 153, 154, 155, 156, 157, 158, 159, 162, 163, 178, 179, 182, 183, 212, 222, 223, 227, 229, 236, 237, 238, 241, 266, 271, 283, 287, 290, 294, 297, 309, 310, 322, 339, 340, 343, 346, 350, 353, 377, 378, 397, 409, 410, 411, 412, 413, 414, 415, 416, 417, 418, 419, 420, 421, 424, 430, 431, 432, 434, 435, 437, 440, 449, 452, 462, 468, 469, 470, 472, 477, 480, 494, 498, 499, 510, 524, 527, 528, 529, 533, 534, 537, 541, 542, 546, 550, 551, 554, 558, 559, 564, 565, 566, 567, 568, 571, 573, 574, 575, 576, 579, 586, 595, 596, 599, 603, 612, 613, 616, 624, 644, 645, 648, 656, 665, 668, 671, 679, 698, 699, 702, 710, 711, 712, 715, 718, 723, 741, 742, 747, 748, 749, 750, 754, 762, 763, 834, 837, 844, 853, 854, 858, 859, 860, 863, 864, 865, 868, 870, 871, 872, 873, 874, 875, 876, 877, 880, 883, 888], "summary": {"covered_lines": 206, "num_statements": 285, "percent_covered": 69.40509915014164, "percent_covered_display": "69.41", "missing_lines": 79, "excluded_lines": 2, "percent_statements_covered": 72.28070175438596, "percent_statements_covered_display": "72.28", "num_branches": 68, "num_partial_branches": 17, "covered_branches": 39, "missing_branches": 29, "percent_branches_covered": 57.35294117647059, "percent_branches_covered_display": "57.35"}, "missing_lines": [193, 195, 197, 209, 230, 234, 267, 268, 284, 291, 292, 312, 313, 314, 315, 316, 318, 319, 347, 348, 381, 382, 383, 386, 387, 392, 394, 441, 442, 444, 473, 474, 475, 501, 502, 503, 504, 505, 506, 507, 530, 531, 587, 588, 589, 590, 591, 592, 593, 604, 605, 606, 607, 608, 609, 610, 625, 626, 627, 640, 641, 642, 657, 658, 662, 663, 680, 681, 682, 685, 690, 693, 694, 695, 696, 757, 758, 759, 890], "excluded_lines": [893, 894], "executed_branches": [[113, 114], [113, 118], [131, -121], [131, 132], [152, -139], [152, 153], [155, -139], [155, 156], [222, 223], [222, 229], [229, 236], [236, 237], [236, 241], [266, -212], [283, 287], [290, 294], [309, 310], [346, 350], [377, 378], [434, 435], [434, 437], [440, 449], [468, 469], [468, 472], [469, 468], [469, 470], [472, 477], [498, 499], [527, -510], [527, 528], [529, 533], [586, 595], [603, 612], [624, 644], [656, 665], [679, 698], [863, 864], [863, 868], [870, 871]], "missing_branches": [[195, 197], [195, 209], [229, 230], [266, 267], [283, 284], [290, 291], [309, 312], [346, 347], [377, 381], [382, 383], [382, 386], [386, 387], [386, 394], [440, 441], [441, 442], [441, 444], [472, 473], [474, 475], [474, 477], [498, 501], [529, 530], [586, 587], [603, 604], [624, 625], [656, 657], [679, 680], [694, 695], [694, 696], [870, 880]], "functions": {"get_version": {"executed_lines": [97], "summary": {"covered_lines": 1, "num_statements": 1, "percent_covered": 100.0, "percent_covered_display": "100.00", "missing_lines": 0, "excluded_lines": 0, "percent_statements_covered": 100.0, "percent_statements_covered_display": "100.00", "num_branches": 0, "num_partial_branches": 0, "covered_branches": 0, "missing_branches": 0, "percent_branches_covered": 100.0, "percent_branches_covered_display": "100.00"}, "missing_lines": [], "excluded_lines": [], "start_line": 91, "executed_branches": [], "missing_branches": []}, "load_config_file": {"executed_lines": [113, 114, 115, 118], "summary": {"covered_lines": 4, "num_statements": 4, "percent_covered": 100.0, "percent_covered_display": "100.00", "missing_lines": 0, "excluded_lines": 0, "percent_statements_covered": 100.0, "percent_statements_covered_display": "100.00", "num_branches": 2, "num_partial_branches": 0, "covered_branches": 2, "missing_branches": 0, "percent_branches_covered": 100.0, "percent_branches_covered_display": "100.00"}, "missing_lines": [], "excluded_lines": [], "start_line": 100, "executed_branches": [[113, 114], [113, 118]], "missing_branches": []}, "_validate_options": {"executed_lines": [131, 132, 136], "summary": {"covered_lines": 3, "num_statements": 3, "percent_covered": 100.0, "percent_covered_display": "100.00", "missing_lines": 0, "excluded_lines": 0, "percent_statements_covered": 100.0, "percent_statements_covered_display": "100.00", "num_branches": 2, "num_partial_branches": 0, "covered_branches": 2, "missing_branches": 0, "percent_branches_covered": 100.0, "percent_branches_covered_display": "100.00"}, "missing_lines": [], "excluded_lines": [], "start_line": 121, "executed_branches": [[131, -121], [131, 132]], "missing_branches": []}, "_load_config_if_specified": {"executed_lines": [152, 153, 154, 155, 156, 157, 158, 159], "summary": {"covered_lines": 8, "num_statements": 8, "percent_covered": 100.0, "percent_covered_display": "100.00", "missing_lines": 0, "excluded_lines": 0, "percent_statements_covered": 100.0, "percent_statements_covered_display": "100.00", "num_branches": 4, "num_partial_branches": 0, "covered_branches": 4, "missing_branches": 0, "percent_branches_covered": 100.0, "percent_branches_covered_display": "100.00"}, "missing_lines": [], "excluded_lines": [], "start_line": 139, "executed_branches": [[152, -139], [152, 153], [155, -139], [155, 156]], "missing_branches": []}, "main": {"executed_lines": [178, 179], "summary": {"covered_lines": 2, "num_statements": 2, "percent_covered": 100.0, "percent_covered_display": "100.00", "missing_lines": 0, "excluded_lines": 0, "percent_statements_covered": 100.0, "percent_statements_covered_display": "100.00", "num_branches": 0, "num_partial_branches": 0, "covered_branches": 0, "missing_branches": 0, "percent_branches_covered": 100.0, "percent_branches_covered_display": "100.00"}, "missing_lines": [], "excluded_lines": [], "start_line": 163, "executed_branches": [], "missing_branches": []}, "version": {"executed_lines": [], "summary": {"covered_lines": 0, "num_statements": 4, "percent_covered": 0.0, "percent_covered_display": "0.00", "missing_lines": 4, "excluded_lines": 0, "percent_statements_covered": 0.0, "percent_statements_covered_display": "0.00", "num_branches": 2, "num_partial_branches": 0, "covered_branches": 0, "missing_branches": 2, "percent_branches_covered": 0.0, "percent_branches_covered_display": "0.00"}, "missing_lines": [193, 195, 197, 209], "excluded_lines": [], "start_line": 183, "executed_branches": [], "missing_branches": [[195, 197], [195, 209]]}, "_validate_project_name": {"executed_lines": [222, 223, 227, 229, 236, 237, 238, 241, 266], "summary": {"covered_lines": 9, "num_statements": 13, "percent_covered": 71.42857142857143, "percent_covered_display": "71.43", "missing_lines": 4, "excluded_lines": 0, "percent_statements_covered": 69.23076923076923, "percent_statements_covered_display": "69.23", "num_branches": 8, "num_partial_branches": 2, "covered_branches": 6, "missing_branches": 2, "percent_branches_covered": 75.0, "percent_branches_covered_display": "75.00"}, "missing_lines": [230, 234, 267, 268], "excluded_lines": [], "start_line": 212, "executed_branches": [[222, 223], [222, 229], [229, 236], [236, 237], [236, 241], [266, -212]], "missing_branches": [[229, 230], [266, 267]]}, "_validate_output_dir": {"executed_lines": [283, 287, 290, 294], "summary": {"covered_lines": 4, "num_statements": 7, "percent_covered": 54.54545454545455, "percent_covered_display": "54.55", "missing_lines": 3, "excluded_lines": 0, "percent_statements_covered": 57.142857142857146, "percent_statements_covered_display": "57.14", "num_branches": 4, "num_partial_branches": 2, "covered_branches": 2, "missing_branches": 2, "percent_branches_covered": 50.0, "percent_branches_covered_display": "50.00"}, "missing_lines": [284, 291, 292], "excluded_lines": [], "start_line": 271, "executed_branches": [[283, 287], [290, 294]], "missing_branches": [[283, 284], [290, 291]]}, "_load_config_data": {"executed_lines": [309, 310], "summary": {"covered_lines": 2, "num_statements": 9, "percent_covered": 27.272727272727273, "percent_covered_display": "27.27", "missing_lines": 7, "excluded_lines": 0, "percent_statements_covered": 22.22222222222222, "percent_statements_covered_display": "22.22", "num_branches": 2, "num_partial_branches": 1, "covered_branches": 1, "missing_branches": 1, "percent_branches_covered": 50.0, "percent_branches_covered_display": "50.00"}, "missing_lines": [312, 313, 314, 315, 316, 318, 319], "excluded_lines": [], "start_line": 297, "executed_branches": [[309, 310]], "missing_branches": [[309, 312]]}, "_validate_and_prepare_paths": {"executed_lines": [339, 340, 343, 346, 350], "summary": {"covered_lines": 5, "num_statements": 7, "percent_covered": 66.66666666666667, "percent_covered_display": "66.67", "missing_lines": 2, "excluded_lines": 0, "percent_statements_covered": 71.42857142857143, "percent_statements_covered_display": "71.43", "num_branches": 2, "num_partial_branches": 1, "covered_branches": 1, "missing_branches": 1, "percent_branches_covered": 50.0, "percent_branches_covered_display": "50.00"}, "missing_lines": [347, 348], "excluded_lines": [], "start_line": 322, "executed_branches": [[346, 350]], "missing_branches": [[346, 347]]}, "_resolve_parameter": {"executed_lines": [377, 378], "summary": {"covered_lines": 2, "num_statements": 9, "percent_covered": 20.0, "percent_covered_display": "20.00", "missing_lines": 7, "excluded_lines": 0, "percent_statements_covered": 22.22222222222222, "percent_statements_covered_display": "22.22", "num_branches": 6, "num_partial_branches": 1, "covered_branches": 1, "missing_branches": 5, "percent_branches_covered": 16.666666666666668, "percent_branches_covered_display": "16.67"}, "missing_lines": [381, 382, 383, 386, 387, 392, 394], "excluded_lines": [], "start_line": 353, "executed_branches": [[377, 378]], "missing_branches": [[377, 381], [382, 383], [382, 386], [386, 387], [386, 394]]}, "_show_dry_run_preview": {"executed_lines": [409, 410, 411, 412, 413, 414, 415, 416, 417, 418, 419, 420, 421], "summary": {"covered_lines": 13, "num_statements": 13, "percent_covered": 100.0, "percent_covered_display": "100.00", "missing_lines": 0, "excluded_lines": 0, "percent_statements_covered": 100.0, "percent_statements_covered_display": "100.00", "num_branches": 0, "num_partial_branches": 0, "covered_branches": 0, "missing_branches": 0, "percent_branches_covered": 100.0, "percent_branches_covered_display": "100.00"}, "missing_lines": [], "excluded_lines": [], "start_line": 397, "executed_branches": [], "missing_branches": []}, "_prompt_for_api_key": {"executed_lines": [430, 431, 432, 434, 435, 437, 440, 449], "summary": {"covered_lines": 8, "num_statements": 11, "percent_covered": 64.70588235294117, "percent_covered_display": "64.71", "missing_lines": 3, "excluded_lines": 0, "percent_statements_covered": 72.72727272727273, "percent_statements_covered_display": "72.73", "num_branches": 6, "num_partial_branches": 1, "covered_branches": 3, "missing_branches": 3, "percent_branches_covered": 50.0, "percent_branches_covered_display": "50.00"}, "missing_lines": [441, 442, 444], "excluded_lines": [], "start_line": 424, "executed_branches": [[434, 435], [434, 437], [440, 449]], "missing_branches": [[440, 441], [441, 442], [441, 444]]}, "_get_api_key_with_source": {"executed_lines": [462, 468, 469, 470, 472, 477], "summary": {"covered_lines": 6, "num_statements": 9, "percent_covered": 64.70588235294117, "percent_covered_display": "64.71", "missing_lines": 3, "excluded_lines": 0, "percent_statements_covered": 66.66666666666667, "percent_statements_covered_display": "66.67", "num_branches": 8, "num_partial_branches": 1, "covered_branches": 5, "missing_branches": 3, "percent_branches_covered": 62.5, "percent_branches_covered_display": "62.50"}, "missing_lines": [473, 474, 475], "excluded_lines": [], "start_line": 452, "executed_branches": [[468, 469], [468, 472], [469, 468], [469, 470], [472, 477]], "missing_branches": [[472, 473], [474, 475], [474, 477]]}, "_initialize_orchestrator": {"executed_lines": [494, 498, 499], "summary": {"covered_lines": 3, "num_statements": 10, "percent_covered": 33.333333333333336, "percent_covered_display": "33.33", "missing_lines": 7, "excluded_lines": 0, "percent_statements_covered": 30.0, "percent_statements_covered_display": "30.00", "num_branches": 2, "num_partial_branches": 1, "covered_branches": 1, "missing_branches": 1, "percent_branches_covered": 50.0, "percent_branches_covered_display": "50.00"}, "missing_lines": [501, 502, 503, 504, 505, 506, 507], "excluded_lines": [], "start_line": 480, "executed_branches": [[498, 499]], "missing_branches": [[498, 501]]}, "_copy_reference_skills": {"executed_lines": [524, 527, 528, 529, 533, 534], "summary": {"covered_lines": 6, "num_statements": 8, "percent_covered": 75.0, "percent_covered_display": "75.00", "missing_lines": 2, "excluded_lines": 0, "percent_statements_covered": 75.0, "percent_statements_covered_display": "75.00", "num_branches": 4, "num_partial_branches": 1, "covered_branches": 3, "missing_branches": 1, "percent_branches_covered": 75.0, "percent_branches_covered_display": "75.00"}, "missing_lines": [530, 531], "excluded_lines": [], "start_line": 510, "executed_branches": [[527, -510], [527, 528], [529, 533]], "missing_branches": [[529, 530]]}, "_generate_scripts_step": {"executed_lines": [541, 542, 546, 550, 551], "summary": {"covered_lines": 5, "num_statements": 5, "percent_covered": 100.0, "percent_covered_display": "100.00", "missing_lines": 0, "excluded_lines": 0, "percent_statements_covered": 100.0, "percent_statements_covered_display": "100.00", "num_branches": 0, "num_partial_branches": 0, "covered_branches": 0, "missing_branches": 0, "percent_branches_covered": 100.0, "percent_branches_covered_display": "100.00"}, "missing_lines": [], "excluded_lines": [], "start_line": 537, "executed_branches": [], "missing_branches": []}, "_generate_precommit_step": {"executed_lines": [558, 559, 564, 565, 566, 567, 568], "summary": {"covered_lines": 7, "num_statements": 7, "percent_covered": 100.0, "percent_covered_display": "100.00", "missing_lines": 0, "excluded_lines": 0, "percent_statements_covered": 100.0, "percent_statements_covered_display": "100.00", "num_branches": 0, "num_partial_branches": 0, "covered_branches": 0, "missing_branches": 0, "percent_branches_covered": 100.0, "percent_branches_covered_display": "100.00"}, "missing_lines": [], "excluded_lines": [], "start_line": 554, "executed_branches": [], "missing_branches": []}, "_generate_skills_step": {"executed_lines": [573, 574, 575, 576], "summary": {"covered_lines": 4, "num_statements": 4, "percent_covered": 100.0, "percent_covered_display": "100.00", "missing_lines": 0, "excluded_lines": 0, "percent_statements_covered": 100.0, "percent_statements_covered_display": "100.00", "num_branches": 0, "num_partial_branches": 0, "covered_branches": 0, "missing_branches": 0, "percent_branches_covered": 100.0, "percent_branches_covered_display": "100.00"}, "missing_lines": [], "excluded_lines": [], "start_line": 571, "executed_branches": [], "missing_branches": []}, "_generate_ci_step": {"executed_lines": [586, 595, 596], "summary": {"covered_lines": 3, "num_statements": 10, "percent_covered": 33.333333333333336, "percent_covered_display": "33.33", "missing_lines": 7, "excluded_lines": 0, "percent_statements_covered": 30.0, "percent_statements_covered_display": "30.00", "num_branches": 2, "num_partial_branches": 1, "covered_branches": 1, "missing_branches": 1, "percent_branches_covered": 50.0, "percent_branches_covered_display": "50.00"}, "missing_lines": [587, 588, 589, 590, 591, 592, 593], "excluded_lines": [], "start_line": 579, "executed_branches": [[586, 595]], "missing_branches": [[586, 587]]}, "_generate_review_step": {"executed_lines": [603, 612, 613], "summary": {"covered_lines": 3, "num_statements": 10, "percent_covered": 33.333333333333336, "percent_covered_display": "33.33", "missing_lines": 7, "excluded_lines": 0, "percent_statements_covered": 30.0, "percent_statements_covered_display": "30.00", "num_branches": 2, "num_partial_branches": 1, "covered_branches": 1, "missing_branches": 1, "percent_branches_covered": 50.0, "percent_branches_covered_display": "50.00"}, "missing_lines": [604, 605, 606, 607, 608, 609, 610], "excluded_lines": [], "start_line": 599, "executed_branches": [[603, 612]], "missing_branches": [[603, 604]]}, "_generate_claude_md_step": {"executed_lines": [624, 644, 645], "summary": {"covered_lines": 3, "num_statements": 9, "percent_covered": 36.36363636363637, "percent_covered_display": "36.36", "missing_lines": 6, "excluded_lines": 0, "percent_statements_covered": 33.333333333333336, "percent_statements_covered_display": "33.33", "num_branches": 2, "num_partial_branches": 1, "covered_branches": 1, "missing_branches": 1, "percent_branches_covered": 50.0, "percent_branches_covered_display": "50.00"}, "missing_lines": [625, 626, 627, 640, 641, 642], "excluded_lines": [], "start_line": 616, "executed_branches": [[624, 644]], "missing_branches": [[624, 625]]}, "_generate_architecture_step": {"executed_lines": [656, 665, 668], "summary": {"covered_lines": 3, "num_statements": 7, "percent_covered": 44.44444444444444, "percent_covered_display": "44.44", "missing_lines": 4, "excluded_lines": 0, "percent_statements_covered": 42.857142857142854, "percent_statements_covered_display": "42.86", "num_branches": 2, "num_partial_branches": 1, "covered_branches": 1, "missing_branches": 1, "percent_branches_covered": 50.0, "percent_branches_covered_display": "50.00"}, "missing_lines": [657, 658, 662, 663], "excluded_lines": [], "start_line": 648, "executed_branches": [[656, 665]], "missing_branches": [[656, 657]]}, "_generate_subagents_step": {"executed_lines": [679, 698, 699], "summary": {"covered_lines": 3, "num_statements": 12, "percent_covered": 25.0, "percent_covered_display": "25.00", "missing_lines": 9, "excluded_lines": 0, "percent_statements_covered": 25.0, "percent_statements_covered_display": "25.00", "num_branches": 4, "num_partial_branches": 1, "covered_branches": 1, "missing_branches": 3, "percent_branches_covered": 25.0, "percent_branches_covered_display": "25.00"}, "missing_lines": [680, 681, 682, 685, 690, 693, 694, 695, 696], "excluded_lines": [], "start_line": 671, "executed_branches": [[679, 698]], "missing_branches": [[679, 680], [694, 695], [694, 696]]}, "_generate_with_orchestrator": {"executed_lines": [710, 711, 712, 715, 718], "summary": {"covered_lines": 5, "num_statements": 5, "percent_covered": 100.0, "percent_covered_display": "100.00", "missing_lines": 0, "excluded_lines": 0, "percent_statements_covered": 100.0, "percent_statements_covered_display": "100.00", "num_branches": 0, "num_partial_branches": 0, "covered_branches": 0, "missing_branches": 0, "percent_branches_covered": 100.0, "percent_branches_covered_display": "100.00"}, "missing_lines": [], "excluded_lines": [], "start_line": 702, "executed_branches": [], "missing_branches": []}, "_generate_project_files": {"executed_lines": [741, 742, 747, 748, 749, 750, 754], "summary": {"covered_lines": 7, "num_statements": 10, "percent_covered": 70.0, "percent_covered_display": "70.00", "missing_lines": 3, "excluded_lines": 0, "percent_statements_covered": 70.0, "percent_statements_covered_display": "70.00", "num_branches": 0, "num_partial_branches": 0, "covered_branches": 0, "missing_branches": 0, "percent_branches_covered": 100.0, "percent_branches_covered_display": "100.00"}, "missing_lines": [757, 758, 759], "excluded_lines": [], "start_line": 723, "executed_branches": [], "missing_branches": []}, "init": {"executed_lines": [834, 837, 844, 853, 854, 858, 859, 860, 863, 864, 865, 868, 870, 871, 872, 873, 874, 875, 876, 877, 880, 883], "summary": {"covered_lines": 22, "num_statements": 22, "percent_covered": 96.15384615384616, "percent_covered_display": "96.15", "missing_lines": 0, "excluded_lines": 0, "percent_statements_covered": 100.0, "percent_statements_covered_display": "100.00", "num_branches": 4, "num_partial_branches": 1, "covered_branches": 3, "missing_branches": 1, "percent_branches_covered": 75.0, "percent_branches_covered_display": "75.00"}, "missing_lines": [], "excluded_lines": [], "start_line": 763, "executed_branches": [[863, 864], [863, 868], [870, 871]], "missing_branches": [[870, 880]]}, "cli_main": {"executed_lines": [], "summary": {"covered_lines": 0, "num_statements": 1, "percent_covered": 0.0, "percent_covered_display": "0.00", "missing_lines": 1, "excluded_lines": 0, "percent_statements_covered": 0.0, "percent_statements_covered_display": "0.00", "num_branches": 0, "num_partial_branches": 0, "covered_branches": 0, "missing_branches": 0, "percent_branches_covered": 100.0, "percent_branches_covered_display": "100.00"}, "missing_lines": [890], "excluded_lines": [], "start_line": 888, "executed_branches": [], "missing_branches": []}, "": {"executed_lines": [6, 8, 9, 10, 11, 12, 14, 15, 16, 17, 18, 19, 21, 22, 25, 26, 27, 30, 31, 32, 33, 34, 35, 36, 37, 38, 39, 42, 45, 48, 59, 62, 71, 80, 91, 100, 121, 139, 162, 163, 182, 183, 212, 271, 297, 322, 353, 397, 424, 452, 480, 510, 537, 554, 571, 579, 599, 616, 648, 671, 702, 723, 762, 763, 888], "summary": {"covered_lines": 65, "num_statements": 65, "percent_covered": 100.0, "percent_covered_display": "100.00", "missing_lines": 0, "excluded_lines": 2, "percent_statements_covered": 100.0, "percent_statements_covered_display": "100.00", "num_branches": 0, "num_partial_branches": 0, "covered_branches": 0, "missing_branches": 0, "percent_branches_covered": 100.0, "percent_branches_covered_display": "100.00"}, "missing_lines": [], "excluded_lines": [893, 894], "start_line": 1, "executed_branches": [], "missing_branches": []}}, "classes": {"": {"executed_lines": [6, 8, 9, 10, 11, 12, 14, 15, 16, 17, 18, 19, 21, 22, 25, 26, 27, 30, 31, 32, 33, 34, 35, 36, 37, 38, 39, 42, 45, 48, 59, 62, 71, 80, 91, 97, 100, 113, 114, 115, 118, 121, 131, 132, 136, 139, 152, 153, 154, 155, 156, 157, 158, 159, 162, 163, 178, 179, 182, 183, 212, 222, 223, 227, 229, 236, 237, 238, 241, 266, 271, 283, 287, 290, 294, 297, 309, 310, 322, 339, 340, 343, 346, 350, 353, 377, 378, 397, 409, 410, 411, 412, 413, 414, 415, 416, 417, 418, 419, 420, 421, 424, 430, 431, 432, 434, 435, 437, 440, 449, 452, 462, 468, 469, 470, 472, 477, 480, 494, 498, 499, 510, 524, 527, 528, 529, 533, 534, 537, 541, 542, 546, 550, 551, 554, 558, 559, 564, 565, 566, 567, 568, 571, 573, 574, 575, 576, 579, 586, 595, 596, 599, 603, 612, 613, 616, 624, 644, 645, 648, 656, 665, 668, 671, 679, 698, 699, 702, 710, 711, 712, 715, 718, 723, 741, 742, 747, 748, 749, 750, 754, 762, 763, 834, 837, 844, 853, 854, 858, 859, 860, 863, 864, 865, 868, 870, 871, 872, 873, 874, 875, 876, 877, 880, 883, 888], "summary": {"covered_lines": 206, "num_statements": 285, "percent_covered": 69.40509915014164, "percent_covered_display": "69.41", "missing_lines": 79, "excluded_lines": 2, "percent_statements_covered": 72.28070175438596, "percent_statements_covered_display": "72.28", "num_branches": 68, "num_partial_branches": 17, "covered_branches": 39, "missing_branches": 29, "percent_branches_covered": 57.35294117647059, "percent_branches_covered_display": "57.35"}, "missing_lines": [193, 195, 197, 209, 230, 234, 267, 268, 284, 291, 292, 312, 313, 314, 315, 316, 318, 319, 347, 348, 381, 382, 383, 386, 387, 392, 394, 441, 442, 444, 473, 474, 475, 501, 502, 503, 504, 505, 506, 507, 530, 531, 587, 588, 589, 590, 591, 592, 593, 604, 605, 606, 607, 608, 609, 610, 625, 626, 627, 640, 641, 642, 657, 658, 662, 663, 680, 681, 682, 685, 690, 693, 694, 695, 696, 757, 758, 759, 890], "excluded_lines": [893, 894], "start_line": 1, "executed_branches": [[113, 114], [113, 118], [131, -121], [131, 132], [152, -139], [152, 153], [155, -139], [155, 156], [222, 223], [222, 229], [229, 236], [236, 237], [236, 241], [266, -212], [283, 287], [290, 294], [309, 310], [346, 350], [377, 378], [434, 435], [434, 437], [440, 449], [468, 469], [468, 472], [469, 468], [469, 470], [472, 477], [498, 499], [527, -510], [527, 528], [529, 533], [586, 595], [603, 612], [624, 644], [656, 665], [679, 698], [863, 864], [863, 868], [870, 871]], "missing_branches": [[195, 197], [195, 209], [229, 230], [266, 267], [283, 284], [290, 291], [309, 312], [346, 347], [377, 381], [382, 383], [382, 386], [386, 387], [386, 394], [440, 441], [441, 442], [441, 444], [472, 473], [474, 475], [474, 477], [498, 501], [529, 530], [586, 587], [603, 604], [624, 625], [656, 657], [679, 680], [694, 695], [694, 696], [870, 880]]}}}, "start_green_stay_green/config/__init__.py": {"executed_lines": [], "summary": {"covered_lines": 0, "num_statements": 0, "percent_covered": 100.0, "percent_covered_display": "100.00", "missing_lines": 0, "excluded_lines": 0, "percent_statements_covered": 100.0, "percent_statements_covered_display": "100.00", "num_branches": 0, "num_partial_branches": 0, "covered_branches": 0, "missing_branches": 0, "percent_branches_covered": 100.0, "percent_branches_covered_display": "100.00"}, "missing_lines": [], "excluded_lines": [], "executed_branches": [], "missing_branches": [], "functions": {"": {"executed_lines": [], "summary": {"covered_lines": 0, "num_statements": 0, "percent_covered": 100.0, "percent_covered_display": "100.00", "missing_lines": 0, "excluded_lines": 0, "percent_statements_covered": 100.0, "percent_statements_covered_display": "100.00", "num_branches": 0, "num_partial_branches": 0, "covered_branches": 0, "missing_branches": 0, "percent_branches_covered": 100.0, "percent_branches_covered_display": "100.00"}, "missing_lines": [], "excluded_lines": [], "start_line": 1, "executed_branches": [], "missing_branches": []}}, "classes": {"": {"executed_lines": [], "summary": {"covered_lines": 0, "num_statements": 0, "percent_covered": 100.0, "percent_covered_display": "100.00", "missing_lines": 0, "excluded_lines": 0, "percent_statements_covered": 100.0, "percent_statements_covered_display": "100.00", "num_branches": 0, "num_partial_branches": 0, "covered_branches": 0, "missing_branches": 0, "percent_branches_covered": 100.0, "percent_branches_covered_display": "100.00"}, "missing_lines": [], "excluded_lines": [], "start_line": 1, "executed_branches": [], "missing_branches": []}}}, "start_green_stay_green/config/settings.py": {"executed_lines": [], "summary": {"covered_lines": 0, "num_statements": 0, "percent_covered": 100.0, "percent_covered_display": "100.00", "missing_lines": 0, "excluded_lines": 0, "percent_statements_covered": 100.0, "percent_statements_covered_display": "100.00", "num_branches": 0, "num_partial_branches": 0, "covered_branches": 0, "missing_branches": 0, "percent_branches_covered": 100.0, "percent_branches_covered_display": "100.00"}, "missing_lines": [], "excluded_lines": [], "executed_branches": [], "missing_branches": [], "functions": {"": {"executed_lines": [], "summary": {"covered_lines": 0, "num_statements": 0, "percent_covered": 100.0, "percent_covered_display": "100.00", "missing_lines": 0, "excluded_lines": 0, "percent_statements_covered": 100.0, "percent_statements_covered_display": "100.00", "num_branches": 0, "num_partial_branches": 0, "covered_branches": 0, "missing_branches": 0, "percent_branches_covered": 100.0, "percent_branches_covered_display": "100.00"}, "missing_lines": [], "excluded_lines": [], "start_line": 1, "executed_branches": [], "missing_branches": []}}, "classes": {"": {"executed_lines": [], "summary": {"covered_lines": 0, "num_statements": 0, "percent_covered": 100.0, "percent_covered_display": "100.00", "missing_lines": 0, "excluded_lines": 0, "percent_statements_covered": 100.0, "percent_statements_covered_display": "100.00", "num_branches": 0, "num_partial_branches": 0, "covered_branches": 0, "missing_branches": 0, "percent_branches_covered": 100.0, "percent_branches_covered_display": "100.00"}, "missing_lines": [], "excluded_lines": [], "start_line": 1, "executed_branches": [], "missing_branches": []}}}, "start_green_stay_green/generators/__init__.py": {"executed_lines": [], "summary": {"covered_lines": 0, "num_statements": 0, "percent_covered": 100.0, "percent_covered_display": "100.00", "missing_lines": 0, "excluded_lines": 0, "percent_statements_covered": 100.0, "percent_statements_covered_display": "100.00", "num_branches": 0, "num_partial_branches": 0, "covered_branches": 0, "missing_branches": 0, "percent_branches_covered": 100.0, "percent_branches_covered_display": "100.00"}, "missing_lines": [], "excluded_lines": [], "executed_branches": [], "missing_branches": [], "functions": {"": {"executed_lines": [], "summary": {"covered_lines": 0, "num_statements": 0, "percent_covered": 100.0, "percent_covered_display": "100.00", "missing_lines": 0, "excluded_lines": 0, "percent_statements_covered": 100.0, "percent_statements_covered_display": "100.00", "num_branches": 0, "num_partial_branches": 0, "covered_branches": 0, "missing_branches": 0, "percent_branches_covered": 100.0, "percent_branches_covered_display": "100.00"}, "missing_lines": [], "excluded_lines": [], "start_line": 1, "executed_branches": [], "missing_branches": []}}, "classes": {"": {"executed_lines": [], "summary": {"covered_lines": 0, "num_statements": 0, "percent_covered": 100.0, "percent_covered_display": "100.00", "missing_lines": 0, "excluded_lines": 0, "percent_statements_covered": 100.0, "percent_statements_covered_display": "100.00", "num_branches": 0, "num_partial_branches": 0, "covered_branches": 0, "missing_branches": 0, "percent_branches_covered": 100.0, "percent_branches_covered_display": "100.00"}, "missing_lines": [], "excluded_lines": [], "start_line": 1, "executed_branches": [], "missing_branches": []}}}, "start_green_stay_green/generators/architecture.py": {"executed_lines": [7, 9, 10, 11, 17, 18, 27, 28, 29, 32, 44, 57, 58, 60, 78, 79, 80, 81, 84, 86, 88, 89, 90, 91, 94, 101, 107, 116, 119, 148, 149, 151, 162, 165, 234, 235, 237, 247, 249, 250, 255, 261, 345, 346, 348, 360, 362, 363, 378, 394, 397, 399], "summary": {"covered_lines": 52, "num_statements": 52, "percent_covered": 98.33333333333333, "percent_covered_display": "98.33", "missing_lines": 0, "excluded_lines": 2, "percent_statements_covered": 100.0, "percent_statements_covered_display": "100.00", "num_branches": 8, "num_partial_branches": 1, "covered_branches": 7, "missing_branches": 1, "percent_branches_covered": 87.5, "percent_branches_covered_display": "87.50"}, "missing_lines": [], "excluded_lines": [13, 14], "executed_branches": [[79, 80], [79, 84], [88, 89], [88, 90], [90, 91], [362, 363], [362, 378]], "missing_branches": [[90, 94]], "functions": {"ArchitectureEnforcementGenerator.__init__": {"executed_lines": [57, 58], "summary": {"covered_lines": 2, "num_statements": 2, "percent_covered": 100.0, "percent_covered_display": "100.00", "missing_lines": 0, "excluded_lines": 0, "percent_statements_covered": 100.0, "percent_statements_covered_display": "100.00", "num_branches": 0, "num_partial_branches": 0, "covered_branches": 0, "missing_branches": 0, "percent_branches_covered": 100.0, "percent_branches_covered_display": "100.00"}, "missing_lines": [], "excluded_lines": [], "start_line": 44, "executed_branches": [], "missing_branches": []}, "ArchitectureEnforcementGenerator.generate": {"executed_lines": [78, 79, 80, 81, 84, 86, 88, 89, 90, 91, 94, 101], "summary": {"covered_lines": 12, "num_statements": 12, "percent_covered": 94.44444444444444, "percent_covered_display": "94.44", "missing_lines": 0, "excluded_lines": 0, "percent_statements_covered": 100.0, "percent_statements_covered_display": "100.00", "num_branches": 6, "num_partial_branches": 1, "covered_branches": 5, "missing_branches": 1, "percent_branches_covered": 83.33333333333333, "percent_branches_covered_display": "83.33"}, "missing_lines": [], "excluded_lines": [], "start_line": 60, "executed_branches": [[79, 80], [79, 84], [88, 89], [88, 90], [90, 91]], "missing_branches": [[90, 94]]}, "ArchitectureEnforcementGenerator._generate_python_config": {"executed_lines": [116, 119, 148, 149], "summary": {"covered_lines": 4, "num_statements": 4, "percent_covered": 100.0, "percent_covered_display": "100.00", "missing_lines": 0, "excluded_lines": 0, "percent_statements_covered": 100.0, "percent_statements_covered_display": "100.00", "num_branches": 0, "num_partial_branches": 0, "covered_branches": 0, "missing_branches": 0, "percent_branches_covered": 100.0, "percent_branches_covered_display": "100.00"}, "missing_lines": [], "excluded_lines": [], "start_line": 107, "executed_branches": [], "missing_branches": []}, "ArchitectureEnforcementGenerator._generate_typescript_config": {"executed_lines": [162, 165, 234, 235], "summary": {"covered_lines": 4, "num_statements": 4, "percent_covered": 100.0, "percent_covered_display": "100.00", "missing_lines": 0, "excluded_lines": 0, "percent_statements_covered": 100.0, "percent_statements_covered_display": "100.00", "num_branches": 0, "num_partial_branches": 0, "covered_branches": 0, "missing_branches": 0, "percent_branches_covered": 100.0, "percent_branches_covered_display": "100.00"}, "missing_lines": [], "excluded_lines": [], "start_line": 151, "executed_branches": [], "missing_branches": []}, "ArchitectureEnforcementGenerator._generate_readme": {"executed_lines": [247, 249, 250, 255, 261, 345, 346], "summary": {"covered_lines": 7, "num_statements": 7, "percent_covered": 100.0, "percent_covered_display": "100.00", "missing_lines": 0, "excluded_lines": 0, "percent_statements_covered": 100.0, "percent_statements_covered_display": "100.00", "num_branches": 0, "num_partial_branches": 0, "covered_branches": 0, "missing_branches": 0, "percent_branches_covered": 100.0, "percent_branches_covered_display": "100.00"}, "missing_lines": [], "excluded_lines": [], "start_line": 237, "executed_branches": [], "missing_branches": []}, "ArchitectureEnforcementGenerator._generate_run_script": {"executed_lines": [360, 362, 363, 378, 394, 397, 399], "summary": {"covered_lines": 7, "num_statements": 7, "percent_covered": 100.0, "percent_covered_display": "100.00", "missing_lines": 0, "excluded_lines": 0, "percent_statements_covered": 100.0, "percent_statements_covered_display": "100.00", "num_branches": 2, "num_partial_branches": 0, "covered_branches": 2, "missing_branches": 0, "percent_branches_covered": 100.0, "percent_branches_covered_display": "100.00"}, "missing_lines": [], "excluded_lines": [], "start_line": 348, "executed_branches": [[362, 363], [362, 378]], "missing_branches": []}, "": {"executed_lines": [7, 9, 10, 11, 17, 18, 27, 28, 29, 32, 44, 60, 107, 151, 237, 348], "summary": {"covered_lines": 16, "num_statements": 16, "percent_covered": 100.0, "percent_covered_display": "100.00", "missing_lines": 0, "excluded_lines": 2, "percent_statements_covered": 100.0, "percent_statements_covered_display": "100.00", "num_branches": 0, "num_partial_branches": 0, "covered_branches": 0, "missing_branches": 0, "percent_branches_covered": 100.0, "percent_branches_covered_display": "100.00"}, "missing_lines": [], "excluded_lines": [13, 14], "start_line": 1, "executed_branches": [], "missing_branches": []}}, "classes": {"ArchitectureResult": {"executed_lines": [], "summary": {"covered_lines": 0, "num_statements": 0, "percent_covered": 100.0, "percent_covered_display": "100.00", "missing_lines": 0, "excluded_lines": 0, "percent_statements_covered": 100.0, "percent_statements_covered_display": "100.00", "num_branches": 0, "num_partial_branches": 0, "covered_branches": 0, "missing_branches": 0, "percent_branches_covered": 100.0, "percent_branches_covered_display": "100.00"}, "missing_lines": [], "excluded_lines": [], "start_line": 18, "executed_branches": [], "missing_branches": []}, "ArchitectureEnforcementGenerator": {"executed_lines": [57, 58, 78, 79, 80, 81, 84, 86, 88, 89, 90, 91, 94, 101, 116, 119, 148, 149, 162, 165, 234, 235, 247, 249, 250, 255, 261, 345, 346, 360, 362, 363, 378, 394, 397, 399], "summary": {"covered_lines": 36, "num_statements": 36, "percent_covered": 97.72727272727273, "percent_covered_display": "97.73", "missing_lines": 0, "excluded_lines": 0, "percent_statements_covered": 100.0, "percent_statements_covered_display": "100.00", "num_branches": 8, "num_partial_branches": 1, "covered_branches": 7, "missing_branches": 1, "percent_branches_covered": 87.5, "percent_branches_covered_display": "87.50"}, "missing_lines": [], "excluded_lines": [], "start_line": 32, "executed_branches": [[79, 80], [79, 84], [88, 89], [88, 90], [90, 91], [362, 363], [362, 378]], "missing_branches": [[90, 94]]}, "": {"executed_lines": [7, 9, 10, 11, 17, 18, 27, 28, 29, 32, 44, 60, 107, 151, 237, 348], "summary": {"covered_lines": 16, "num_statements": 16, "percent_covered": 100.0, "percent_covered_display": "100.00", "missing_lines": 0, "excluded_lines": 2, "percent_statements_covered": 100.0, "percent_statements_covered_display": "100.00", "num_branches": 0, "num_partial_branches": 0, "covered_branches": 0, "missing_branches": 0, "percent_branches_covered": 100.0, "percent_branches_covered_display": "100.00"}, "missing_lines": [], "excluded_lines": [13, 14], "start_line": 1, "executed_branches": [], "missing_branches": []}}}, "start_green_stay_green/generators/base.py": {"executed_lines": [7, 9, 10, 11, 12, 18, 43, 50], "summary": {"covered_lines": 8, "num_statements": 8, "percent_covered": 100.0, "percent_covered_display": "100.00", "missing_lines": 0, "excluded_lines": 17, "percent_statements_covered": 100.0, "percent_statements_covered_display": "100.00", "num_branches": 0, "num_partial_branches": 0, "covered_branches": 0, "missing_branches": 0, "percent_branches_covered": 100.0, "percent_branches_covered_display": "100.00"}, "missing_lines": [], "excluded_lines": [14, 15, 52, 53, 54, 55, 56, 57, 58, 59, 60, 61, 62, 63, 64, 65, 66], "executed_branches": [], "missing_branches": [], "functions": {"BaseGenerator.__init__": {"executed_lines": [50], "summary": {"covered_lines": 1, "num_statements": 1, "percent_covered": 100.0, "percent_covered_display": "100.00", "missing_lines": 0, "excluded_lines": 0, "percent_statements_covered": 100.0, "percent_statements_covered_display": "100.00", "num_branches": 0, "num_partial_branches": 0, "covered_branches": 0, "missing_branches": 0, "percent_branches_covered": 100.0, "percent_branches_covered_display": "100.00"}, "missing_lines": [], "excluded_lines": [], "start_line": 43, "executed_branches": [], "missing_branches": []}, "BaseGenerator.generate": {"executed_lines": [], "summary": {"covered_lines": 0, "num_statements": 0, "percent_covered": 100.0, "percent_covered_display": "100.00", "missing_lines": 0, "excluded_lines": 13, "percent_statements_covered": 100.0, "percent_statements_covered_display": "100.00", "num_branches": 0, "num_partial_branches": 0, "covered_branches": 0, "missing_branches": 0, "percent_branches_covered": 100.0, "percent_branches_covered_display": "100.00"}, "missing_lines": [], "excluded_lines": [54, 55, 56, 57, 58, 59, 60, 61, 62, 63, 64, 65, 66], "start_line": 53, "executed_branches": [], "missing_branches": []}, "": {"executed_lines": [7, 9, 10, 11, 12, 18, 43], "summary": {"covered_lines": 7, "num_statements": 7, "percent_covered": 100.0, "percent_covered_display": "100.00", "missing_lines": 0, "excluded_lines": 4, "percent_statements_covered": 100.0, "percent_statements_covered_display": "100.00", "num_branches": 0, "num_partial_branches": 0, "covered_branches": 0, "missing_branches": 0, "percent_branches_covered": 100.0, "percent_branches_covered_display": "100.00"}, "missing_lines": [], "excluded_lines": [14, 15, 52, 53], "start_line": 1, "executed_branches": [], "missing_branches": []}}, "classes": {"BaseGenerator": {"executed_lines": [50], "summary": {"covered_lines": 1, "num_statements": 1, "percent_covered": 100.0, "percent_covered_display": "100.00", "missing_lines": 0, "excluded_lines": 13, "percent_statements_covered": 100.0, "percent_statements_covered_display": "100.00", "num_branches": 0, "num_partial_branches": 0, "covered_branches": 0, "missing_branches": 0, "percent_branches_covered": 100.0, "percent_branches_covered_display": "100.00"}, "missing_lines": [], "excluded_lines": [54, 55, 56, 57, 58, 59, 60, 61, 62, 63, 64, 65, 66], "start_line": 18, "executed_branches": [], "missing_branches": []}, "": {"executed_lines": [7, 9, 10, 11, 12, 18, 43], "summary": {"covered_lines": 7, "num_statements": 7, "percent_covered": 100.0, "percent_covered_display": "100.00", "missing_lines": 0, "excluded_lines": 4, "percent_statements_covered": 100.0, "percent_statements_covered_display": "100.00", "num_branches": 0, "num_partial_branches": 0, "covered_branches": 0, "missing_branches": 0, "percent_branches_covered": 100.0, "percent_branches_covered_display": "100.00"}, "missing_lines": [], "excluded_lines": [14, 15, 52, 53], "start_line": 1, "executed_branches": [], "missing_branches": []}}}, "start_green_stay_green/generators/ci.py": {"executed_lines": [8, 10, 11, 12, 13, 15, 17, 24, 84, 85, 96, 97, 98, 99, 100, 103, 118, 136, 138, 139, 140, 141, 142, 144, 145, 146, 147, 148, 150, 165, 166, 169, 172, 174, 186, 187, 189, 221, 234, 238, 256, 261, 270, 271, 272, 274, 283, 284, 285, 287, 296, 297, 298, 300, 309, 310, 311, 313, 322, 323, 324, 325, 326, 327, 329, 338, 339, 340, 341, 343, 352, 353, 354, 355, 357, 369, 371, 372, 375, 376, 377, 378, 379, 380, 381, 383, 384, 385, 386, 387, 388, 390, 398, 410, 412, 418, 419, 425, 427, 428, 440, 441, 442, 443, 445], "summary": {"covered_lines": 105, "num_statements": 107, "percent_covered": 97.63779527559055, "percent_covered_display": "97.64", "missing_lines": 2, "excluded_lines": 3, "percent_statements_covered": 98.13084112149532, "percent_statements_covered_display": "98.13", "num_branches": 20, "num_partial_branches": 1, "covered_branches": 19, "missing_branches": 1, "percent_branches_covered": 95.0, "percent_branches_covered_display": "95.00"}, "missing_lines": [235, 236], "excluded_lines": [19, 20, 21], "executed_branches": [[139, 140], [139, 144], [234, 238], [270, -261], [270, 271], [283, -274], [283, 284], [296, -287], [296, 297], [309, -300], [309, 310], [325, -313], [325, 326], [339, -329], [339, 340], [353, -343], [353, 354], [441, 442], [441, 445]], "missing_branches": [[234, 235]], "functions": {"CIGenerator.__init__": {"executed_lines": [136, 138, 139, 140, 141, 142, 144, 145, 146, 147, 148], "summary": {"covered_lines": 11, "num_statements": 11, "percent_covered": 100.0, "percent_covered_display": "100.00", "missing_lines": 0, "excluded_lines": 0, "percent_statements_covered": 100.0, "percent_statements_covered_display": "100.00", "num_branches": 2, "num_partial_branches": 0, "covered_branches": 2, "missing_branches": 0, "percent_branches_covered": 100.0, "percent_branches_covered_display": "100.00"}, "missing_lines": [], "excluded_lines": [], "start_line": 118, "executed_branches": [[139, 140], [139, 144]], "missing_branches": []}, "CIGenerator.generate_workflow": {"executed_lines": [165, 166, 169, 172], "summary": {"covered_lines": 4, "num_statements": 4, "percent_covered": 100.0, "percent_covered_display": "100.00", "missing_lines": 0, "excluded_lines": 0, "percent_statements_covered": 100.0, "percent_statements_covered_display": "100.00", "num_branches": 0, "num_partial_branches": 0, "covered_branches": 0, "missing_branches": 0, "percent_branches_covered": 100.0, "percent_branches_covered_display": "100.00"}, "missing_lines": [], "excluded_lines": [], "start_line": 150, "executed_branches": [], "missing_branches": []}, "CIGenerator._build_generation_context": {"executed_lines": [186, 187, 189], "summary": {"covered_lines": 3, "num_statements": 3, "percent_covered": 100.0, "percent_covered_display": "100.00", "missing_lines": 0, "excluded_lines": 0, "percent_statements_covered": 100.0, "percent_statements_covered_display": "100.00", "num_branches": 0, "num_partial_branches": 0, "covered_branches": 0, "missing_branches": 0, "percent_branches_covered": 100.0, "percent_branches_covered_display": "100.00"}, "missing_lines": [], "excluded_lines": [], "start_line": 174, "executed_branches": [], "missing_branches": []}, "CIGenerator._generate_with_ai": {"executed_lines": [234, 238, 256], "summary": {"covered_lines": 3, "num_statements": 5, "percent_covered": 57.142857142857146, "percent_covered_display": "57.14", "missing_lines": 2, "excluded_lines": 0, "percent_statements_covered": 60.0, "percent_statements_covered_display": "60.00", "num_branches": 2, "num_partial_branches": 1, "covered_branches": 1, "missing_branches": 1, "per
[...]
covered_display": "100.00", "num_branches": 0, "num_partial_branches": 0, "covered_branches": 0, "missing_branches": 0, "percent_branches_covered": 100.0, "percent_branches_covered_display": "100.00"}, "missing_lines": [], "excluded_lines": [], "start_line": 948, "executed_branches": [], "missing_branches": []}, "GitHubClient.list_issues": {"executed_lines": [987, 992, 995, 998, 1003], "summary": {"covered_lines": 5, "num_statements": 7, "percent_covered": 63.63636363636363, "percent_covered_display": "63.64", "missing_lines": 2, "excluded_lines": 0, "percent_statements_covered": 71.42857142857143, "percent_statements_covered_display": "71.43", "num_branches": 4, "num_partial_branches": 2, "covered_branches": 2, "missing_branches": 2, "percent_branches_covered": 50.0, "percent_branches_covered_display": "50.00"}, "missing_lines": [993, 996], "excluded_lines": [], "start_line": 968, "executed_branches": [[992, 995], [995, 998]], "missing_branches": [[992, 993], [995, 996]]}, "": {"executed_lines": [13, 14, 15, 16, 17, 18, 19, 21, 22, 23, 26, 35, 54, 61, 73, 74, 75, 76, 77, 78, 81, 95, 96, 97, 98, 99, 100, 101, 102, 105, 119, 120, 121, 123, 145, 155, 165, 175, 185, 204, 208, 217, 221, 238, 256, 294, 333, 373, 401, 422, 439, 457, 495, 523, 554, 584, 612, 640, 657, 672, 690, 724, 765, 781, 797, 808, 852, 888, 923, 948, 968], "summary": {"covered_lines": 71, "num_statements": 71, "percent_covered": 100.0, "percent_covered_display": "100.00", "missing_lines": 0, "excluded_lines": 0, "percent_statements_covered": 100.0, "percent_statements_covered_display": "100.00", "num_branches": 0, "num_partial_branches": 0, "covered_branches": 0, "missing_branches": 0, "percent_branches_covered": 100.0, "percent_branches_covered_display": "100.00"}, "missing_lines": [], "excluded_lines": [], "start_line": 1, "executed_branches": [], "missing_branches": []}}, "classes": {"GitHubError": {"executed_lines": [48, 49, 50, 51], "summary": {"covered_lines": 4, "num_statements": 4, "percent_covered": 100.0, "percent_covered_display": "100.00", "missing_lines": 0, "excluded_lines": 0, "percent_statements_covered": 100.0, "percent_statements_covered_display": "100.00", "num_branches": 0, "num_partial_branches": 0, "covered_branches": 0, "missing_branches": 0, "percent_branches_covered": 100.0, "percent_branches_covered_display": "100.00"}, "missing_lines": [], "excluded_lines": [], "start_line": 26, "executed_branches": [], "missing_branches": []}, "GitHubAuthError": {"executed_lines": [], "summary": {"covered_lines": 0, "num_statements": 0, "percent_covered": 100.0, "percent_covered_display": "100.00", "missing_lines": 0, "excluded_lines": 0, "percent_statements_covered": 100.0, "percent_statements_covered_display": "100.00", "num_branches": 0, "num_partial_branches": 0, "covered_branches": 0, "missing_branches": 0, "percent_branches_covered": 100.0, "percent_branches_covered_display": "100.00"}, "missing_lines": [], "excluded_lines": [], "start_line": 54, "executed_branches": [], "missing_branches": []}, "BranchProtectionRule": {"executed_lines": [], "summary": {"covered_lines": 0, "num_statements": 0, "percent_covered": 100.0, "percent_covered_display": "100.00", "missing_lines": 0, "excluded_lines": 0, "percent_statements_covered": 100.0, "percent_statements_covered_display": "100.00", "num_branches": 0, "num_partial_branches": 0, "covered_branches": 0, "missing_branches": 0, "percent_branches_covered": 100.0, "percent_branches_covered_display": "100.00"}, "missing_lines": [], "excluded_lines": [], "start_line": 61, "executed_branches": [], "missing_branches": []}, "IssueData": {"executed_lines": [], "summary": {"covered_lines": 0, "num_statements": 0, "percent_covered": 100.0, "percent_covered_display": "100.00", "missing_lines": 0, "excluded_lines": 0, "percent_statements_covered": 100.0, "percent_statements_covered_display": "100.00", "num_branches": 0, "num_partial_branches": 0, "covered_branches": 0, "missing_branches": 0, "percent_branches_covered": 100.0, "percent_branches_covered_display": "100.00"}, "missing_lines": [], "excluded_lines": [], "start_line": 81, "executed_branches": [], "missing_branches": []}, "GitHubClient": {"executed_lines": [139, 140, 141, 142, 143, 151, 152, 153, 161, 162, 163, 171, 172, 173, 181, 182, 183, 194, 206, 215, 219, 234, 235, 236, 247, 248, 249, 254, 269, 270, 271, 277, 278, 279, 285, 286, 287, 288, 313, 314, 315, 316, 317, 318, 322, 324, 327, 358, 366, 367, 368, 369, 371, 390, 391, 393, 395, 410, 420, 431, 434, 448, 449, 451, 478, 483, 484, 486, 489, 510, 512, 514, 519, 521, 542, 548, 570, 572, 574, 575, 580, 582, 601, 606, 627, 629, 631, 632, 636, 638, 653, 654, 655, 667, 668, 669, 670, 682, 684, 688, 713, 714, 716, 717, 720, 722, 739, 740, 743, 744, 745, 748, 749, 752, 753, 755, 774, 779, 790, 795, 806, 836, 846, 877, 886, 909, 911, 917, 938, 942, 963, 987, 992, 995, 998, 1003], "summary": {"covered_lines": 136, "num_statements": 143, "percent_covered": 92.51336898395722, "percent_covered_display": "92.51", "missing_lines": 7, "excluded_lines": 0, "percent_statements_covered": 95.1048951048951, "percent_statements_covered_display": "95.10", "num_branches": 44, "num_partial_branches": 7, "covered_branches": 37, "missing_branches": 7, "percent_branches_covered": 84.0909090909091, "percent_branches_covered_display": "84.09"}, "missing_lines": [330, 331, 432, 487, 683, 993, 996], "excluded_lines": [], "start_line": 105, "executed_branches": [[161, -155], [161, 162], [171, -165], [171, 172], [181, -175], [181, 182], [269, 270], [269, 277], [277, 278], [277, 285], [285, -256], [285, 286], [313, 314], [317, 318], [317, 324], [366, 367], [390, 391], [390, 393], [431, 434], [448, 449], [448, 451], [483, 484], [483, 486], [486, 489], [512, 514], [512, 521], [572, 574], [572, 582], [629, 631], [629, 638], [668, 669], [668, 670], [682, 684], [716, 717], [716, 722], [992, 995], [995, 998]], "missing_branches": [[313, 330], [366, 371], [431, 432], [486, 487], [682, 683], [992, 993], [995, 996]]}, "": {"executed_lines": [13, 14, 15, 16, 17, 18, 19, 21, 22, 23, 26, 35, 54, 61, 73, 74, 75, 76, 77, 78, 81, 95, 96, 97, 98, 99, 100, 101, 102, 105, 119, 120, 121, 123, 145, 155, 165, 175, 185, 204, 208, 217, 221, 238, 256, 294, 333, 373, 401, 422, 439, 457, 495, 523, 554, 584, 612, 640, 657, 672, 690, 724, 765, 781, 797, 808, 852, 888, 923, 948, 968], "summary": {"covered_lines": 71, "num_statements": 71, "percent_covered": 100.0, "percent_covered_display": "100.00", "missing_lines": 0, "excluded_lines": 0, "percent_statements_covered": 100.0, "percent_statements_covered_display": "100.00", "num_branches": 0, "num_partial_branches": 0, "covered_branches": 0, "missing_branches": 0, "percent_branches_covered": 100.0, "percent_branches_covered_display": "100.00"}, "missing_lines": [], "excluded_lines": [], "start_line": 1, "executed_branches": [], "missing_branches": []}}}, "start_green_stay_green/github/issues.py": {"executed_lines": [], "summary": {"covered_lines": 0, "num_statements": 0, "percent_covered": 100.0, "percent_covered_display": "100.00", "missing_lines": 0, "excluded_lines": 0, "percent_statements_covered": 100.0, "percent_statements_covered_display": "100.00", "num_branches": 0, "num_partial_branches": 0, "covered_branches": 0, "missing_branches": 0, "percent_branches_covered": 100.0, "percent_branches_covered_display": "100.00"}, "missing_lines": [], "excluded_lines": [], "executed_branches": [], "missing_branches": [], "functions": {"": {"executed_lines": [], "summary": {"covered_lines": 0, "num_statements": 0, "percent_covered": 100.0, "percent_covered_display": "100.00", "missing_lines": 0, "excluded_lines": 0, "percent_statements_covered": 100.0, "percent_statements_covered_display": "100.00", "num_branches": 0, "num_partial_branches": 0, "covered_branches": 0, "missing_branches": 0, "percent_branches_covered": 100.0, "percent_branches_covered_display": "100.00"}, "missing_lines": [], "excluded_lines": [], "start_line": 1, "executed_branches": [], "missing_branches": []}}, "classes": {"": {"executed_lines": [], "summary": {"covered_lines": 0, "num_statements": 0, "percent_covered": 100.0, "percent_covered_display": "100.00", "missing_lines": 0, "excluded_lines": 0, "percent_statements_covered": 100.0, "percent_statements_covered_display": "100.00", "num_branches": 0, "num_partial_branches": 0, "covered_branches": 0, "missing_branches": 0, "percent_branches_covered": 100.0, "percent_branches_covered_display": "100.00"}, "missing_lines": [], "excluded_lines": [], "start_line": 1, "executed_branches": [], "missing_branches": []}}}, "start_green_stay_green/utils/__init__.py": {"executed_lines": [], "summary": {"covered_lines": 0, "num_statements": 0, "percent_covered": 100.0, "percent_covered_display": "100.00", "missing_lines": 0, "excluded_lines": 0, "percent_statements_covered": 100.0, "percent_statements_covered_display": "100.00", "num_branches": 0, "num_partial_branches": 0, "covered_branches": 0, "missing_branches": 0, "percent_branches_covered": 100.0, "percent_branches_covered_display": "100.00"}, "missing_lines": [], "excluded_lines": [], "executed_branches": [], "missing_branches": [], "functions": {"": {"executed_lines": [], "summary": {"covered_lines": 0, "num_statements": 0, "percent_covered": 100.0, "percent_covered_display": "100.00", "missing_lines": 0, "excluded_lines": 0, "percent_statements_covered": 100.0, "percent_statements_covered_display": "100.00", "num_branches": 0, "num_partial_branches": 0, "covered_branches": 0, "missing_branches": 0, "percent_branches_covered": 100.0, "percent_branches_covered_display": "100.00"}, "missing_lines": [], "excluded_lines": [], "start_line": 1, "executed_branches": [], "missing_branches": []}}, "classes": {"": {"executed_lines": [], "summary": {"covered_lines": 0, "num_statements": 0, "percent_covered": 100.0, "percent_covered_display": "100.00", "missing_lines": 0, "excluded_lines": 0, "percent_statements_covered": 100.0, "percent_statements_covered_display": "100.00", "num_branches": 0, "num_partial_branches": 0, "covered_branches": 0, "missing_branches": 0, "percent_branches_covered": 100.0, "percent_branches_covered_display": "100.00"}, "missing_lines": [], "excluded_lines": [], "start_line": 1, "executed_branches": [], "missing_branches": []}}}, "start_green_stay_green/utils/async_bridge.py": {"executed_lines": [3, 5, 6, 7, 8, 13, 16, 38, 40, 41, 43], "summary": {"covered_lines": 11, "num_statements": 13, "percent_covered": 84.61538461538461, "percent_covered_display": "84.62", "missing_lines": 2, "excluded_lines": 2, "percent_statements_covered": 84.61538461538461, "percent_statements_covered_display": "84.62", "num_branches": 0, "num_partial_branches": 0, "covered_branches": 0, "missing_branches": 0, "percent_branches_covered": 100.0, "percent_branches_covered_display": "100.00"}, "missing_lines": [46, 47], "excluded_lines": [10, 11], "executed_branches": [], "missing_branches": [], "functions": {"run_async": {"executed_lines": [38, 40, 41, 43], "summary": {"covered_lines": 4, "num_statements": 6, "percent_covered": 66.66666666666667, "percent_covered_display": "66.67", "missing_lines": 2, "excluded_lines": 0, "percent_statements_covered": 66.66666666666667, "percent_statements_covered_display": "66.67", "num_branches": 0, "num_partial_branches": 0, "covered_branches": 0, "missing_branches": 0, "percent_branches_covered": 100.0, "percent_branches_covered_display": "100.00"}, "missing_lines": [46, 47], "excluded_lines": [], "start_line": 16, "executed_branches": [], "missing_branches": []}, "": {"executed_lines": [3, 5, 6, 7, 8, 13, 16], "summary": {"covered_lines": 7, "num_statements": 7, "percent_covered": 100.0, "percent_covered_display": "100.00", "missing_lines": 0, "excluded_lines": 2, "percent_statements_covered": 100.0, "percent_statements_covered_display": "100.00", "num_branches": 0, "num_partial_branches": 0, "covered_branches": 0, "missing_branches": 0, "percent_branches_covered": 100.0, "percent_branches_covered_display": "100.00"}, "missing_lines": [], "excluded_lines": [10, 11], "start_line": 1, "executed_branches": [], "missing_branches": []}}, "classes": {"": {"executed_lines": [3, 5, 6, 7, 8, 13, 16, 38, 40, 41, 43], "summary": {"covered_lines": 11, "num_statements": 13, "percent_covered": 84.61538461538461, "percent_covered_display": "84.62", "missing_lines": 2, "excluded_lines": 2, "percent_statements_covered": 84.61538461538461, "percent_statements_covered_display": "84.62", "num_branches": 0, "num_partial_branches": 0, "covered_branches": 0, "missing_branches": 0, "percent_branches_covered": 100.0, "percent_branches_covered_display": "100.00"}, "missing_lines": [46, 47], "excluded_lines": [10, 11], "start_line": 1, "executed_branches": [], "missing_branches": []}}}, "start_green_stay_green/utils/credentials.py": {"executed_lines": [23, 25, 27, 30, 59, 60, 62, 63, 64, 65, 66, 67, 68, 69, 70, 71, 72, 73, 76, 107, 108, 110, 111, 112, 113, 114, 115, 116, 117, 118], "summary": {"covered_lines": 30, "num_statements": 30, "percent_covered": 100.0, "percent_covered_display": "100.00", "missing_lines": 0, "excluded_lines": 0, "percent_statements_covered": 100.0, "percent_statements_covered_display": "100.00", "num_branches": 2, "num_partial_branches": 0, "covered_branches": 2, "missing_branches": 0, "percent_branches_covered": 100.0, "percent_branches_covered_display": "100.00"}, "missing_lines": [], "excluded_lines": [], "executed_branches": [[63, 64], [63, 66]], "missing_branches": [], "functions": {"get_api_key_from_keyring": {"executed_lines": [59, 60, 62, 63, 64, 65, 66, 67, 68, 69, 70, 71, 72, 73], "summary": {"covered_lines": 14, "num_statements": 14, "percent_covered": 100.0, "percent_covered_display": "100.00", "missing_lines": 0, "excluded_lines": 0, "percent_statements_covered": 100.0, "percent_statements_covered_display": "100.00", "num_branches": 2, "num_partial_branches": 0, "covered_branches": 2, "missing_branches": 0, "percent_branches_covered": 100.0, "percent_branches_covered_display": "100.00"}, "missing_lines": [], "excluded_lines": [], "start_line": 30, "executed_branches": [[63, 64], [63, 66]], "missing_branches": []}, "store_api_key_in_keyring": {"executed_lines": [107, 108, 110, 111, 112, 113, 114, 115, 116, 117, 118], "summary": {"covered_lines": 11, "num_statements": 11, "percent_covered": 100.0, "percent_covered_display": "100.00", "missing_lines": 0, "excluded_lines": 0, "percent_statements_covered": 100.0, "percent_statements_covered_display": "100.00", "num_branches": 0, "num_partial_branches": 0, "covered_branches": 0, "missing_branches": 0, "percent_branches_covered": 100.0, "percent_branches_covered_display": "100.00"}, "missing_lines": [], "excluded_lines": [], "start_line": 76, "executed_branches": [], "missing_branches": []}, "": {"executed_lines": [23, 25, 27, 30, 76], "summary": {"covered_lines": 5, "num_statements": 5, "percent_covered": 100.0, "percent_covered_display": "100.00", "missing_lines": 0, "excluded_lines": 0, "percent_statements_covered": 100.0, "percent_statements_covered_display": "100.00", "num_branches": 0, "num_partial_branches": 0, "covered_branches": 0, "missing_branches": 0, "percent_branches_covered": 100.0, "percent_branches_covered_display": "100.00"}, "missing_lines": [], "excluded_lines": [], "start_line": 1, "executed_branches": [], "missing_branches": []}}, "classes": {"": {"executed_lines": [23, 25, 27, 30, 59, 60, 62, 63, 64, 65, 66, 67, 68, 69, 70, 71, 72, 73, 76, 107, 108, 110, 111, 112, 113, 114, 115, 116, 117, 118], "summary": {"covered_lines": 30, "num_statements": 30, "percent_covered": 100.0, "percent_covered_display": "100.00", "missing_lines": 0, "excluded_lines": 0, "percent_statements_covered": 100.0, "percent_statements_covered_display": "100.00", "num_branches": 2, "num_partial_branches": 0, "covered_branches": 2, "missing_branches": 0, "percent_branches_covered": 100.0, "percent_branches_covered_display": "100.00"}, "missing_lines": [], "excluded_lines": [], "start_line": 1, "executed_branches": [[63, 64], [63, 66]], "missing_branches": []}}}, "start_green_stay_green/utils/fs.py": {"executed_lines": [], "summary": {"covered_lines": 0, "num_statements": 0, "percent_covered": 100.0, "percent_covered_display": "100.00", "missing_lines": 0, "excluded_lines": 0, "percent_statements_covered": 100.0, "percent_statements_covered_display": "100.00", "num_branches": 0, "num_partial_branches": 0, "covered_branches": 0, "missing_branches": 0, "percent_branches_covered": 100.0, "percent_branches_covered_display": "100.00"}, "missing_lines": [], "excluded_lines": [], "executed_branches": [], "missing_branches": [], "functions": {"": {"executed_lines": [], "summary": {"covered_lines": 0, "num_statements": 0, "percent_covered": 100.0, "percent_covered_display": "100.00", "missing_lines": 0, "excluded_lines": 0, "percent_statements_covered": 100.0, "percent_statements_covered_display": "100.00", "num_branches": 0, "num_partial_branches": 0, "covered_branches": 0, "missing_branches": 0, "percent_branches_covered": 100.0, "percent_branches_covered_display": "100.00"}, "missing_lines": [], "excluded_lines": [], "start_line": 1, "executed_branches": [], "missing_branches": []}}, "classes": {"": {"executed_lines": [], "summary": {"covered_lines": 0, "num_statements": 0, "percent_covered": 100.0, "percent_covered_display": "100.00", "missing_lines": 0, "excluded_lines": 0, "percent_statements_covered": 100.0, "percent_statements_covered_display": "100.00", "num_branches": 0, "num_partial_branches": 0, "covered_branches": 0, "missing_branches": 0, "percent_branches_covered": 100.0, "percent_branches_covered_display": "100.00"}, "missing_lines": [], "excluded_lines": [], "start_line": 1, "executed_branches": [], "missing_branches": []}}}, "start_green_stay_green/utils/templates.py": {"executed_lines": [], "summary": {"covered_lines": 0, "num_statements": 0, "percent_covered": 100.0, "percent_covered_display": "100.00", "missing_lines": 0, "excluded_lines": 0, "percent_statements_covered": 100.0, "percent_statements_covered_display": "100.00", "num_branches": 0, "num_partial_branches": 0, "covered_branches": 0, "missing_branches": 0, "percent_branches_covered": 100.0, "percent_branches_covered_display": "100.00"}, "missing_lines": [], "excluded_lines": [], "executed_branches": [], "missing_branches": [], "functions": {"": {"executed_lines": [], "summary": {"covered_lines": 0, "num_statements": 0, "percent_covered": 100.0, "percent_covered_display": "100.00", "missing_lines": 0, "excluded_lines": 0, "percent_statements_covered": 100.0, "percent_statements_covered_display": "100.00", "num_branches": 0, "num_partial_branches": 0, "covered_branches": 0, "missing_branches": 0, "percent_branches_covered": 100.0, "percent_branches_covered_display": "100.00"}, "missing_lines": [], "excluded_lines": [], "start_line": 1, "executed_branches": [], "missing_branches": []}}, "classes": {"": {"executed_lines": [], "summary": {"covered_lines": 0, "num_statements": 0, "percent_covered": 100.0, "percent_covered_display": "100.00", "missing_lines": 0, "excluded_lines": 0, "percent_statements_covered": 100.0, "percent_statements_covered_display": "100.00", "num_branches": 0, "num_partial_branches": 0, "covered_branches": 0, "missing_branches": 0, "percent_branches_covered": 100.0, "percent_branches_covered_display": "100.00"}, "missing_lines": [], "excluded_lines": [], "start_line": 1, "executed_branches": [], "missing_branches": []}}}}, "totals": {"covered_lines": 1442, "num_statements": 1536, "percent_covered": 92.62472885032538, "percent_covered_display": "92.62", "missing_lines": 94, "excluded_lines": 40, "percent_statements_covered": 93.88020833333333, "percent_statements_covered_display": "93.88", "num_branches": 308, "num_partial_branches": 30, "covered_branches": 266, "missing_branches": 42, "percent_branches_covered": 86.36363636363636, "percent_branches_covered_display": "86.36"}}
